2021-06-27 12:21:16,590 - instabot version: 0.117.0 (bot) - INFO - Instabot version: 0.117.0 Started
2021-06-27 12:21:16,592 - instabot version: 0.117.0 (bot) - DEBUG - Bot imported from C:\Users\hp\AppData\Local\Programs\Python\Python38-32\lib\site-packages\instabot\bot\bot.py
2021-06-27 12:21:16,593 - instabot version: 0.117.0 (api_login) - INFO - Not yet logged in starting: PRE-LOGIN FLOW!
2021-06-27 12:21:17,709 - instabot version: 0.117.0 (api) - DEBUG - POST to endpoint: accounts/get_prefill_candidates/ returned response: <Response [200]>
2021-06-27 12:21:18,452 - instabot version: 0.117.0 (api) - DEBUG - POST to endpoint: qe/sync/ returned response: <Response [200]>
2021-06-27 12:21:19,299 - instabot version: 0.117.0 (api) - DEBUG - POST to endpoint: launcher/sync/ returned response: <Response [200]>
2021-06-27 12:21:20,228 - instabot version: 0.117.0 (api) - DEBUG - POST to endpoint: accounts/contact_point_prefill/ returned response: <Response [200]>
2021-06-27 12:21:23,457 - instabot version: 0.117.0 (api) - DEBUG - POST to endpoint: accounts/login/ returned response: <Response [200]>
2021-06-27 12:21:23,472 - instabot version: 0.117.0 (api) - INFO - Logged-in successfully as 'taniya_verma_143'!
2021-06-27 12:21:23,472 - instabot version: 0.117.0 (api_login) - INFO - LOGIN FLOW! Just logged-in: True
2021-06-27 12:21:24,435 - instabot version: 0.117.0 (api) - DEBUG - POST to endpoint: qe/sync/ returned response: <Response [200]>
2021-06-27 12:21:25,213 - instabot version: 0.117.0 (api) - DEBUG - POST to endpoint: launcher/sync/ returned response: <Response [200]>
2021-06-27 12:21:25,955 - instabot version: 0.117.0 (api) - DEBUG - GET to endpoint: zr/token/result/?device_id=android-483dd0c6a985d9f6&token_hash=&custom_device_id=android-483dd0c6a985d9f6&fetch_reason=token_expired returned response: <Response [200]>
2021-06-27 12:21:27,002 - instabot version: 0.117.0 (api) - DEBUG - GET to endpoint: multiple_accounts/get_account_family/ returned response: <Response [200]>
2021-06-27 12:21:28,406 - instabot version: 0.117.0 (api) - DEBUG - POST to endpoint: qe/sync/ returned response: <Response [200]>
2021-06-27 12:21:29,560 - instabot version: 0.117.0 (api) - DEBUG - GET to endpoint: igtv/browse_feed/?prefetch=1 returned response: <Response [200]>
2021-06-27 12:21:30,499 - instabot version: 0.117.0 (api) - DEBUG - POST to endpoint: creatives/ar_class/ returned response: <Response [200]>
2021-06-27 12:21:32,169 - instabot version: 0.117.0 (api) - DEBUG - POST to endpoint: feed/reels_tray/ returned response: <Response [200]>
2021-06-27 12:21:35,033 - instabot version: 0.117.0 (api) - DEBUG - POST to endpoint: feed/timeline/ returned response: <Response [200]>
2021-06-27 12:21:35,921 - instabot version: 0.117.0 (api) - DEBUG - GET to endpoint: media/blocked/ returned response: <Response [200]>
2021-06-27 12:21:37,540 - instabot version: 0.117.0 (api) - DEBUG - GET to endpoint: news/inbox/ returned response: <Response [200]>
2021-06-27 12:21:38,520 - instabot version: 0.117.0 (api) - DEBUG - GET to endpoint: loom/fetch_config/ returned response: <Response [200]>
2021-06-27 12:21:40,512 - instabot version: 0.117.0 (api) - DEBUG - GET to endpoint: scores/bootstrap/users/?surfaces=["autocomplete_user_list","coefficient_besties_list_ranking","coefficient_rank_recipient_user_suggestion","coefficient_ios_section_test_bootstrap_ranking","coefficient_direct_recipients_ranking_variant_2"] returned response: <Response [200]>
2021-06-27 12:21:41,380 - instabot version: 0.117.0 (api) - DEBUG - GET to endpoint: business/eligibility/get_monetization_products_eligibility_data/?product_types=branded_content returned response: <Response [200]>
2021-06-27 12:21:42,334 - instabot version: 0.117.0 (api) - DEBUG - GET to endpoint: business/branded_content/should_require_professional_account/ returned response: <Response [200]>
2021-06-27 12:21:43,179 - instabot version: 0.117.0 (api) - DEBUG - GET to endpoint: linked_accounts/get_linkage_status/ returned response: <Response [200]>
2021-06-27 12:21:44,269 - instabot version: 0.117.0 (api) - DEBUG - GET to endpoint: locations/request_country/ returned response: <Response [200]>
2021-06-27 12:21:45,162 - instabot version: 0.117.0 (api) - DEBUG - GET to endpoint: qp/get_cooldowns/?signed_body=signed_body=4b9c516a5410a3bc128e09c6104a7f042146b9c2023870560c63a43a7f66781c.4&ig_sig_key_version=4&ig_sig_key_version=4 returned response: <Response [200]>
2021-06-27 12:21:46,195 - instabot version: 0.117.0 (api) - DEBUG - GET to endpoint: users/arlink_download_info/?version_override=2.2.1 returned response: <Response [200]>
2021-06-27 12:21:47,459 - instabot version: 0.117.0 (api) - DEBUG - GET to endpoint: users/48070542859/info/ returned response: <Response [200]>
2021-06-27 12:21:48,620 - instabot version: 0.117.0 (api) - DEBUG - GET to endpoint: direct_v2/get_presence/ returned response: <Response [200]>
2021-06-27 12:21:49,971 - instabot version: 0.117.0 (api) - DEBUG - GET to endpoint: direct_v2/inbox/?visual_message_return_type=unseen&thread_message_limit=10&persistentBadging=true&limit=20 returned response: <Response [200]>
2021-06-27 12:21:50,995 - instabot version: 0.117.0 (api) - DEBUG - GET to endpoint: direct_v2/inbox/?visual_message_return_type=unseen&persistentBadging=true&limit=0 returned response: <Response [200]>
2021-06-27 12:21:51,989 - instabot version: 0.117.0 (api) - DEBUG - GET to endpoint: discover/topical_explore/?is_prefetch=true&omit_cover_media=true&use_sectional_payload=true&timezone_offset=0&session_id=4ca923d4-d64b-43f1-81f4-eb10d4316bd1&include_fixed_destinations=true returned response: <Response [200]>
2021-06-27 12:21:53,275 - instabot version: 0.117.0 (api) - DEBUG - POST to endpoint: notifications/badge/ returned response: <Response [200]>
2021-06-27 12:21:54,319 - instabot version: 0.117.0 (api) - DEBUG - POST to endpoint: qp/batch_fetch/ returned response: <Response [200]>
2021-06-27 12:21:54,324 - instabot version: 0.117.0 (bot_checkpoint) - DEBUG - Loading Checkpoint file from: C:\Users\hp\Desktop\Instagram/config/taniya_verma_143.checkpoint
2021-06-27 12:22:07,289 - instabot version: 0.117.0 (api) - DEBUG - GET to endpoint: feed/tag/love/?max_id=&rank_token=48070542859_d9ea1fe3-6abd-47d3-a2e1-89c59eebef9f&ranked_content=true& returned response: <Response [200]>
2021-06-27 12:22:07,339 - instabot version: 0.117.0 (bot_checkpoint) - DEBUG - Saving Checkpoint file to: C:\Users\hp\Desktop\Instagram/config/taniya_verma_143.checkpoint
2021-06-27 12:22:07,458 - instabot version: 0.117.0 (bot) - INFO - Total follows: 2/57
2021-06-27 12:22:07,460 - instabot version: 0.117.0 (bot) - INFO - Total messages: 1/69
2021-06-27 12:22:07,462 - instabot version: 0.117.0 (bot) - INFO - Total requests: 312
