2021-06-27 11:37:10,470 - instabot version: 0.117.0 (bot) - INFO - Instabot version: 0.117.0 Started
2021-06-27 11:37:10,472 - instabot version: 0.117.0 (bot) - DEBUG - Bot imported from C:\Users\hp\AppData\Local\Programs\Python\Python38-32\lib\site-packages\instabot\bot\bot.py
2021-06-27 11:37:10,474 - instabot version: 0.117.0 (api_login) - INFO - Not yet logged in starting: PRE-LOGIN FLOW!
2021-06-27 11:37:11,674 - instabot version: 0.117.0 (api) - DEBUG - POST to endpoint: accounts/get_prefill_candidates/ returned response: <Response [200]>
2021-06-27 11:37:13,480 - instabot version: 0.117.0 (api) - DEBUG - POST to endpoint: qe/sync/ returned response: <Response [200]>
2021-06-27 11:37:14,405 - instabot version: 0.117.0 (api) - DEBUG - POST to endpoint: launcher/sync/ returned response: <Response [200]>
2021-06-27 11:37:15,052 - instabot version: 0.117.0 (api) - DEBUG - POST to endpoint: accounts/contact_point_prefill/ returned response: <Response [200]>
2021-06-27 11:37:17,623 - instabot version: 0.117.0 (api) - DEBUG - POST to endpoint: accounts/login/ returned response: <Response [200]>
2021-06-27 11:37:17,623 - instabot version: 0.117.0 (api) - INFO - Logged-in successfully as 'taniya_verma_143'!
2021-06-27 11:37:17,635 - instabot version: 0.117.0 (api_login) - INFO - LOGIN FLOW! Just logged-in: True
2021-06-27 11:37:18,482 - instabot version: 0.117.0 (api) - DEBUG - POST to endpoint: qe/sync/ returned response: <Response [200]>
2021-06-27 11:37:19,596 - instabot version: 0.117.0 (api) - DEBUG - POST to endpoint: launcher/sync/ returned response: <Response [200]>
2021-06-27 11:37:20,324 - instabot version: 0.117.0 (api) - DEBUG - GET to endpoint: zr/token/result/?device_id=android-483dd0c6a985d9f6&token_hash=&custom_device_id=android-483dd0c6a985d9f6&fetch_reason=token_expired returned response: <Response [200]>
2021-06-27 11:37:21,135 - instabot version: 0.117.0 (api) - DEBUG - GET to endpoint: multiple_accounts/get_account_family/ returned response: <Response [200]>
2021-06-27 11:37:22,086 - instabot version: 0.117.0 (api) - DEBUG - POST to endpoint: qe/sync/ returned response: <Response [200]>
2021-06-27 11:37:23,385 - instabot version: 0.117.0 (api) - DEBUG - GET to endpoint: igtv/browse_feed/?prefetch=1 returned response: <Response [200]>
2021-06-27 11:37:24,089 - instabot version: 0.117.0 (api) - DEBUG - POST to endpoint: creatives/ar_class/ returned response: <Response [200]>
2021-06-27 11:37:25,943 - instabot version: 0.117.0 (api) - DEBUG - POST to endpoint: feed/reels_tray/ returned response: <Response [200]>
2021-06-27 11:37:28,571 - instabot version: 0.117.0 (api) - DEBUG - POST to endpoint: feed/timeline/ returned response: <Response [200]>
2021-06-27 11:37:29,460 - instabot version: 0.117.0 (api) - DEBUG - GET to endpoint: media/blocked/ returned response: <Response [200]>
2021-06-27 11:37:30,731 - instabot version: 0.117.0 (api) - DEBUG - GET to endpoint: news/inbox/ returned response: <Response [200]>
2021-06-27 11:37:31,699 - instabot version: 0.117.0 (api) - DEBUG - GET to endpoint: loom/fetch_config/ returned response: <Response [200]>
2021-06-27 11:37:33,757 - instabot version: 0.117.0 (api) - DEBUG - GET to endpoint: scores/bootstrap/users/?surfaces=["autocomplete_user_list","coefficient_besties_list_ranking","coefficient_rank_recipient_user_suggestion","coefficient_ios_section_test_bootstrap_ranking","coefficient_direct_recipients_ranking_variant_2"] returned response: <Response [200]>
2021-06-27 11:37:34,572 - instabot version: 0.117.0 (api) - DEBUG - GET to endpoint: business/eligibility/get_monetization_products_eligibility_data/?product_types=branded_content returned response: <Response [200]>
2021-06-27 11:37:35,527 - instabot version: 0.117.0 (api) - DEBUG - GET to endpoint: business/branded_content/should_require_professional_account/ returned response: <Response [200]>
2021-06-27 11:37:36,529 - instabot version: 0.117.0 (api) - DEBUG - GET to endpoint: linked_accounts/get_linkage_status/ returned response: <Response [200]>
2021-06-27 11:37:38,087 - instabot version: 0.117.0 (api) - DEBUG - GET to endpoint: locations/request_country/ returned response: <Response [200]>
2021-06-27 11:37:38,773 - instabot version: 0.117.0 (api) - DEBUG - GET to endpoint: qp/get_cooldowns/?signed_body=signed_body=4b9c516a5410a3bc128e09c6104a7f042146b9c2023870560c63a43a7f66781c.4&ig_sig_key_version=4&ig_sig_key_version=4 returned response: <Response [200]>
2021-06-27 11:37:39,696 - instabot version: 0.117.0 (api) - DEBUG - GET to endpoint: users/arlink_download_info/?version_override=2.2.1 returned response: <Response [200]>
2021-06-27 11:37:40,969 - instabot version: 0.117.0 (api) - DEBUG - GET to endpoint: users/48070542859/info/ returned response: <Response [200]>
2021-06-27 11:37:42,255 - instabot version: 0.117.0 (api) - DEBUG - GET to endpoint: direct_v2/get_presence/ returned response: <Response [200]>
2021-06-27 11:37:43,322 - instabot version: 0.117.0 (api) - DEBUG - GET to endpoint: direct_v2/inbox/?visual_message_return_type=unseen&thread_message_limit=10&persistentBadging=true&limit=20 returned response: <Response [200]>
2021-06-27 11:37:44,167 - instabot version: 0.117.0 (api) - DEBUG - GET to endpoint: direct_v2/inbox/?visual_message_return_type=unseen&persistentBadging=true&limit=0 returned response: <Response [200]>
2021-06-27 11:37:45,261 - instabot version: 0.117.0 (api) - DEBUG - GET to endpoint: discover/topical_explore/?is_prefetch=true&omit_cover_media=true&use_sectional_payload=true&timezone_offset=0&session_id=987eb529-b612-4b1d-a6ba-a34b5bc9e47a&include_fixed_destinations=true returned response: <Response [200]>
2021-06-27 11:37:46,088 - instabot version: 0.117.0 (api) - DEBUG - POST to endpoint: notifications/badge/ returned response: <Response [200]>
2021-06-27 11:37:47,046 - instabot version: 0.117.0 (api) - DEBUG - POST to endpoint: qp/batch_fetch/ returned response: <Response [200]>
2021-06-27 11:37:47,055 - instabot version: 0.117.0 (bot_checkpoint) - DEBUG - Loading Checkpoint file from: C:\Users\hp\Desktop\Instagram/config/taniya_verma_143.checkpoint
2021-06-27 11:37:48,905 - instabot version: 0.117.0 (api) - DEBUG - GET to endpoint: friendships/pending/ returned response: <Response [200]>
2021-06-27 11:37:50,570 - instabot version: 0.117.0 (api) - DEBUG - POST to endpoint: friendships/approve/46980727084/ returned response: <Response [200]>
2021-06-27 11:37:52,167 - instabot version: 0.117.0 (api) - DEBUG - POST to endpoint: friendships/approve/48243044522/ returned response: <Response [200]>
2021-06-27 11:37:53,768 - instabot version: 0.117.0 (api) - DEBUG - POST to endpoint: friendships/approve/45388724290/ returned response: <Response [200]>
2021-06-27 11:37:55,174 - instabot version: 0.117.0 (api) - DEBUG - POST to endpoint: friendships/approve/43943674508/ returned response: <Response [200]>
2021-06-27 11:37:56,705 - instabot version: 0.117.0 (api) - DEBUG - POST to endpoint: friendships/approve/8371744992/ returned response: <Response [200]>
2021-06-27 11:37:58,276 - instabot version: 0.117.0 (api) - DEBUG - POST to endpoint: friendships/approve/43701463262/ returned response: <Response [200]>
2021-06-27 11:37:59,853 - instabot version: 0.117.0 (api) - DEBUG - POST to endpoint: friendships/approve/13965512992/ returned response: <Response [200]>
2021-06-27 11:38:01,865 - instabot version: 0.117.0 (api) - DEBUG - POST to endpoint: friendships/approve/8194777827/ returned response: <Response [200]>
2021-06-27 11:38:03,375 - instabot version: 0.117.0 (api) - DEBUG - POST to endpoint: friendships/approve/12337889286/ returned response: <Response [200]>
2021-06-27 11:38:05,019 - instabot version: 0.117.0 (api) - DEBUG - POST to endpoint: friendships/approve/47833854298/ returned response: <Response [200]>
2021-06-27 11:38:06,895 - instabot version: 0.117.0 (api) - DEBUG - POST to endpoint: friendships/approve/47403967120/ returned response: <Response [200]>
2021-06-27 11:38:08,077 - instabot version: 0.117.0 (api) - DEBUG - POST to endpoint: friendships/approve/47894237341/ returned response: <Response [200]>
2021-06-27 11:38:09,894 - instabot version: 0.117.0 (api) - DEBUG - POST to endpoint: friendships/approve/48172896843/ returned response: <Response [200]>
2021-06-27 11:38:11,374 - instabot version: 0.117.0 (api) - DEBUG - POST to endpoint: friendships/approve/5669260639/ returned response: <Response [200]>
2021-06-27 11:38:13,031 - instabot version: 0.117.0 (api) - DEBUG - POST to endpoint: friendships/approve/33007168269/ returned response: <Response [200]>
2021-06-27 11:38:15,526 - instabot version: 0.117.0 (api) - DEBUG - POST to endpoint: friendships/approve/5866938653/ returned response: <Response [200]>
2021-06-27 11:38:17,182 - instabot version: 0.117.0 (api) - DEBUG - POST to endpoint: friendships/approve/45539805451/ returned response: <Response [200]>
2021-06-27 11:38:18,729 - instabot version: 0.117.0 (api) - DEBUG - POST to endpoint: friendships/approve/5349112844/ returned response: <Response [200]>
2021-06-27 11:38:20,343 - instabot version: 0.117.0 (api) - DEBUG - POST to endpoint: friendships/approve/27726729596/ returned response: <Response [200]>
2021-06-27 11:38:21,650 - instabot version: 0.117.0 (api) - DEBUG - POST to endpoint: friendships/approve/48027759760/ returned response: <Response [200]>
2021-06-27 11:38:23,207 - instabot version: 0.117.0 (api) - DEBUG - POST to endpoint: friendships/approve/41435378887/ returned response: <Response [200]>
2021-06-27 11:38:24,813 - instabot version: 0.117.0 (api) - DEBUG - POST to endpoint: friendships/approve/47299035288/ returned response: <Response [200]>
2021-06-27 11:38:26,556 - instabot version: 0.117.0 (api) - DEBUG - POST to endpoint: friendships/approve/7735438611/ returned response: <Response [200]>
2021-06-27 11:38:28,008 - instabot version: 0.117.0 (api) - DEBUG - POST to endpoint: friendships/approve/45503860886/ returned response: <Response [200]>
2021-06-27 11:38:29,665 - instabot version: 0.117.0 (api) - DEBUG - POST to endpoint: friendships/approve/8137342512/ returned response: <Response [200]>
2021-06-27 11:38:31,273 - instabot version: 0.117.0 (api) - DEBUG - POST to endpoint: friendships/approve/34587052281/ returned response: <Response [200]>
2021-06-27 11:38:32,859 - instabot version: 0.117.0 (api) - DEBUG - POST to endpoint: friendships/approve/7129491612/ returned response: <Response [200]>
2021-06-27 11:38:34,745 - instabot version: 0.117.0 (api) - DEBUG - POST to endpoint: friendships/approve/6830176333/ returned response: <Response [200]>
2021-06-27 11:38:37,160 - instabot version: 0.117.0 (api) - DEBUG - POST to endpoint: friendships/approve/46026232813/ returned response: <Response [200]>
2021-06-27 11:38:40,247 - instabot version: 0.117.0 (api) - DEBUG - POST to endpoint: friendships/approve/44340718730/ returned response: <Response [200]>
2021-06-27 11:38:41,559 - instabot version: 0.117.0 (api) - DEBUG - POST to endpoint: friendships/approve/48152751242/ returned response: <Response [200]>
2021-06-27 11:38:46,044 - instabot version: 0.117.0 (api) - DEBUG - POST to endpoint: friendships/approve/47858620705/ returned response: <Response [200]>
2021-06-27 11:38:51,745 - instabot version: 0.117.0 (api) - DEBUG - POST to endpoint: friendships/approve/38266497442/ returned response: <Response [200]>
2021-06-27 11:38:57,082 - instabot version: 0.117.0 (api) - DEBUG - POST to endpoint: friendships/approve/21847353292/ returned response: <Response [200]>
2021-06-27 11:38:58,544 - instabot version: 0.117.0 (api) - DEBUG - POST to endpoint: friendships/approve/48079159997/ returned response: <Response [200]>
2021-06-27 11:39:00,703 - instabot version: 0.117.0 (api) - DEBUG - POST to endpoint: friendships/approve/29529676863/ returned response: <Response [200]>
2021-06-27 11:39:02,297 - instabot version: 0.117.0 (api) - DEBUG - POST to endpoint: friendships/approve/37945135258/ returned response: <Response [200]>
2021-06-27 11:39:05,363 - instabot version: 0.117.0 (api) - DEBUG - POST to endpoint: friendships/approve/45166512350/ returned response: <Response [200]>
2021-06-27 11:39:16,724 - instabot version: 0.117.0 (api) - WARNING - HTTPSConnectionPool(host='i.instagram.com', port=443): Max retries exceeded with url: /api/v1/friendships/approve/32653935609/ (Caused by NewConnectionError('<urllib3.connection.HTTPSConnection object at 0x0386F400>: Failed to establish a new connection: [Errno 11001] getaddrinfo failed'))
2021-06-27 11:39:19,040 - instabot version: 0.117.0 (api) - DEBUG - POST to endpoint: friendships/approve/3475489490/ returned response: <Response [200]>
2021-06-27 11:39:23,156 - instabot version: 0.117.0 (api) - DEBUG - POST to endpoint: friendships/approve/48722465005/ returned response: <Response [200]>
2021-06-27 11:39:25,011 - instabot version: 0.117.0 (api) - DEBUG - POST to endpoint: friendships/approve/48361588804/ returned response: <Response [200]>
2021-06-27 11:39:26,299 - instabot version: 0.117.0 (api) - DEBUG - POST to endpoint: friendships/approve/48528476230/ returned response: <Response [200]>
2021-06-27 11:39:27,891 - instabot version: 0.117.0 (api) - DEBUG - POST to endpoint: friendships/approve/34133826187/ returned response: <Response [200]>
2021-06-27 11:39:29,509 - instabot version: 0.117.0 (api) - DEBUG - POST to endpoint: friendships/approve/6105674137/ returned response: <Response [200]>
2021-06-27 11:39:31,099 - instabot version: 0.117.0 (api) - DEBUG - POST to endpoint: friendships/approve/44772252060/ returned response: <Response [200]>
2021-06-27 11:39:34,033 - instabot version: 0.117.0 (api) - DEBUG - POST to endpoint: friendships/approve/32035725356/ returned response: <Response [200]>
2021-06-27 11:39:35,555 - instabot version: 0.117.0 (api) - DEBUG - POST to endpoint: friendships/approve/47885623615/ returned response: <Response [200]>
2021-06-27 11:39:42,484 - instabot version: 0.117.0 (api) - DEBUG - POST to endpoint: friendships/approve/41226506284/ returned response: <Response [200]>
2021-06-27 11:39:44,216 - instabot version: 0.117.0 (api) - DEBUG - POST to endpoint: friendships/approve/44684516535/ returned response: <Response [200]>
2021-06-27 11:39:45,725 - instabot version: 0.117.0 (api) - DEBUG - POST to endpoint: friendships/approve/6730746035/ returned response: <Response [200]>
2021-06-27 11:39:47,465 - instabot version: 0.117.0 (api) - DEBUG - POST to endpoint: friendships/approve/5416846230/ returned response: <Response [200]>
2021-06-27 11:39:49,013 - instabot version: 0.117.0 (api) - DEBUG - POST to endpoint: friendships/approve/34977884445/ returned response: <Response [200]>
2021-06-27 11:39:51,651 - instabot version: 0.117.0 (api) - DEBUG - POST to endpoint: friendships/approve/46174181943/ returned response: <Response [200]>
2021-06-27 11:39:53,524 - instabot version: 0.117.0 (api) - DEBUG - POST to endpoint: friendships/approve/47654328360/ returned response: <Response [200]>
2021-06-27 11:39:55,411 - instabot version: 0.117.0 (api) - DEBUG - POST to endpoint: friendships/approve/48191537424/ returned response: <Response [200]>
2021-06-27 11:39:57,012 - instabot version: 0.117.0 (api) - DEBUG - POST to endpoint: friendships/approve/4671518918/ returned response: <Response [200]>
2021-06-27 11:39:58,947 - instabot version: 0.117.0 (api) - DEBUG - POST to endpoint: friendships/approve/39451782239/ returned response: <Response [200]>
2021-06-27 11:40:00,527 - instabot version: 0.117.0 (api) - DEBUG - POST to endpoint: friendships/approve/45562007720/ returned response: <Response [200]>
2021-06-27 11:40:01,650 - instabot version: 0.117.0 (api) - DEBUG - POST to endpoint: friendships/approve/40778260923/ returned response: <Response [200]>
2021-06-27 11:40:03,455 - instabot version: 0.117.0 (api) - DEBUG - POST to endpoint: friendships/approve/18175490355/ returned response: <Response [200]>
2021-06-27 11:40:05,658 - instabot version: 0.117.0 (api) - DEBUG - POST to endpoint: friendships/approve/27308681380/ returned response: <Response [200]>
2021-06-27 11:40:07,248 - instabot version: 0.117.0 (api) - DEBUG - POST to endpoint: friendships/approve/5728723801/ returned response: <Response [200]>
2021-06-27 11:40:08,492 - instabot version: 0.117.0 (api) - DEBUG - POST to endpoint: friendships/approve/48179938492/ returned response: <Response [200]>
2021-06-27 11:40:09,825 - instabot version: 0.117.0 (api) - DEBUG - POST to endpoint: friendships/approve/45983213601/ returned response: <Response [200]>
2021-06-27 11:40:12,387 - instabot version: 0.117.0 (api) - DEBUG - POST to endpoint: friendships/approve/32808087573/ returned response: <Response [200]>
2021-06-27 11:40:14,294 - instabot version: 0.117.0 (api) - DEBUG - POST to endpoint: friendships/approve/48533889298/ returned response: <Response [200]>
2021-06-27 11:40:15,925 - instabot version: 0.117.0 (api) - DEBUG - POST to endpoint: friendships/approve/42645052453/ returned response: <Response [200]>
2021-06-27 11:40:17,485 - instabot version: 0.117.0 (api) - DEBUG - POST to endpoint: friendships/approve/48327948338/ returned response: <Response [200]>
2021-06-27 11:40:19,097 - instabot version: 0.117.0 (api) - DEBUG - POST to endpoint: friendships/approve/9007077778/ returned response: <Response [200]>
2021-06-27 11:40:20,898 - instabot version: 0.117.0 (api) - DEBUG - POST to endpoint: friendships/approve/39169532450/ returned response: <Response [200]>
2021-06-27 11:40:22,589 - instabot version: 0.117.0 (api) - DEBUG - POST to endpoint: friendships/approve/29082952654/ returned response: <Response [200]>
2021-06-27 11:40:23,887 - instabot version: 0.117.0 (api) - DEBUG - POST to endpoint: friendships/approve/47459246346/ returned response: <Response [200]>
2021-06-27 11:40:26,469 - instabot version: 0.117.0 (api) - DEBUG - POST to endpoint: friendships/approve/8709366009/ returned response: <Response [200]>
2021-06-27 11:40:28,392 - instabot version: 0.117.0 (api) - DEBUG - POST to endpoint: friendships/approve/48142080123/ returned response: <Response [200]>
2021-06-27 11:40:29,978 - instabot version: 0.117.0 (api) - DEBUG - POST to endpoint: friendships/approve/7108307028/ returned response: <Response [200]>
2021-06-27 11:40:32,428 - instabot version: 0.117.0 (api) - DEBUG - POST to endpoint: friendships/approve/40563496081/ returned response: <Response [200]>
2021-06-27 11:40:35,430 - instabot version: 0.117.0 (api) - DEBUG - POST to endpoint: friendships/approve/18286241815/ returned response: <Response [200]>
2021-06-27 11:40:37,069 - instabot version: 0.117.0 (api) - DEBUG - POST to endpoint: friendships/approve/46353238346/ returned response: <Response [200]>
2021-06-27 11:40:38,928 - instabot version: 0.117.0 (api) - DEBUG - POST to endpoint: friendships/approve/46455443650/ returned response: <Response [200]>
2021-06-27 11:40:40,531 - instabot version: 0.117.0 (api) - DEBUG - POST to endpoint: friendships/approve/29372319750/ returned response: <Response [200]>
2021-06-27 11:40:44,381 - instabot version: 0.117.0 (api) - DEBUG - POST to endpoint: friendships/approve/47175555376/ returned response: <Response [200]>
2021-06-27 11:40:50,137 - instabot version: 0.117.0 (api) - DEBUG - POST to endpoint: friendships/approve/44002943651/ returned response: <Response [200]>
2021-06-27 11:40:51,761 - instabot version: 0.117.0 (api) - DEBUG - POST to endpoint: friendships/approve/48348840943/ returned response: <Response [200]>
2021-06-27 11:40:53,191 - instabot version: 0.117.0 (api) - DEBUG - POST to endpoint: friendships/approve/48493134278/ returned response: <Response [200]>
2021-06-27 11:40:54,614 - instabot version: 0.117.0 (api) - DEBUG - POST to endpoint: friendships/approve/37355438349/ returned response: <Response [200]>
2021-06-27 11:40:55,980 - instabot version: 0.117.0 (api) - DEBUG - POST to endpoint: friendships/approve/48484743436/ returned response: <Response [200]>
2021-06-27 11:40:57,453 - instabot version: 0.117.0 (api) - DEBUG - POST to endpoint: friendships/approve/45204574353/ returned response: <Response [200]>
2021-06-27 11:40:59,147 - instabot version: 0.117.0 (api) - DEBUG - POST to endpoint: friendships/approve/32050847982/ returned response: <Response [200]>
2021-06-27 11:41:01,053 - instabot version: 0.117.0 (api) - DEBUG - POST to endpoint: friendships/approve/30892559137/ returned response: <Response [200]>
2021-06-27 11:41:03,248 - instabot version: 0.117.0 (api) - DEBUG - POST to endpoint: friendships/approve/9183383675/ returned response: <Response [200]>
2021-06-27 11:41:04,878 - instabot version: 0.117.0 (api) - DEBUG - POST to endpoint: friendships/approve/32229808459/ returned response: <Response [200]>
2021-06-27 11:41:07,945 - instabot version: 0.117.0 (api) - DEBUG - POST to endpoint: friendships/approve/44516981513/ returned response: <Response [200]>
2021-06-27 11:41:09,316 - instabot version: 0.117.0 (api) - DEBUG - POST to endpoint: friendships/approve/47937284438/ returned response: <Response [200]>
2021-06-27 11:41:11,569 - instabot version: 0.117.0 (api) - DEBUG - POST to endpoint: friendships/approve/5984274500/ returned response: <Response [200]>
2021-06-27 11:41:15,124 - instabot version: 0.117.0 (api) - DEBUG - POST to endpoint: friendships/approve/9374787848/ returned response: <Response [200]>
2021-06-27 11:41:18,649 - instabot version: 0.117.0 (api) - DEBUG - POST to endpoint: friendships/approve/46430062908/ returned response: <Response [200]>
2021-06-27 11:41:20,213 - instabot version: 0.117.0 (api) - DEBUG - POST to endpoint: friendships/approve/42016796811/ returned response: <Response [200]>
2021-06-27 11:41:22,184 - instabot version: 0.117.0 (api) - DEBUG - POST to endpoint: friendships/approve/7785923204/ returned response: <Response [200]>
2021-06-27 11:41:24,051 - instabot version: 0.117.0 (api) - DEBUG - POST to endpoint: friendships/approve/47860686945/ returned response: <Response [200]>
2021-06-27 11:41:25,276 - instabot version: 0.117.0 (api) - DEBUG - POST to endpoint: friendships/approve/48157116847/ returned response: <Response [200]>
2021-06-27 11:41:26,927 - instabot version: 0.117.0 (api) - DEBUG - POST to endpoint: friendships/approve/39388402066/ returned response: <Response [200]>
2021-06-27 11:41:28,210 - instabot version: 0.117.0 (api) - DEBUG - POST to endpoint: friendships/approve/48080846914/ returned response: <Response [200]>
2021-06-27 11:41:29,492 - instabot version: 0.117.0 (api) - DEBUG - POST to endpoint: friendships/approve/8151146633/ returned response: <Response [200]>
2021-06-27 11:41:31,101 - instabot version: 0.117.0 (api) - DEBUG - POST to endpoint: friendships/approve/46883905682/ returned response: <Response [200]>
2021-06-27 11:41:33,016 - instabot version: 0.117.0 (api) - DEBUG - POST to endpoint: friendships/approve/6504368429/ returned response: <Response [200]>
2021-06-27 11:41:35,600 - instabot version: 0.117.0 (api) - DEBUG - POST to endpoint: friendships/approve/27611900052/ returned response: <Response [200]>
2021-06-27 11:41:37,205 - instabot version: 0.117.0 (api) - DEBUG - POST to endpoint: friendships/approve/9158392181/ returned response: <Response [200]>
2021-06-27 11:41:38,633 - instabot version: 0.117.0 (api) - DEBUG - POST to endpoint: friendships/approve/5786756074/ returned response: <Response [200]>
2021-06-27 11:41:42,977 - instabot version: 0.117.0 (api) - DEBUG - POST to endpoint: friendships/approve/11393351889/ returned response: <Response [200]>
2021-06-27 11:41:44,855 - instabot version: 0.117.0 (api) - DEBUG - POST to endpoint: friendships/approve/29918675345/ returned response: <Response [200]>
2021-06-27 11:41:51,543 - instabot version: 0.117.0 (api) - DEBUG - POST to endpoint: friendships/approve/10458175910/ returned response: <Response [200]>
2021-06-27 11:41:55,453 - instabot version: 0.117.0 (api) - DEBUG - POST to endpoint: friendships/approve/39550853969/ returned response: <Response [200]>
2021-06-27 11:41:57,942 - instabot version: 0.117.0 (api) - DEBUG - POST to endpoint: friendships/approve/48000376899/ returned response: <Response [200]>
2021-06-27 11:41:59,593 - instabot version: 0.117.0 (api) - DEBUG - POST to endpoint: friendships/approve/11791333820/ returned response: <Response [200]>
2021-06-27 11:42:01,203 - instabot version: 0.117.0 (api) - DEBUG - POST to endpoint: friendships/approve/7798991969/ returned response: <Response [200]>
2021-06-27 11:42:02,830 - instabot version: 0.117.0 (api) - DEBUG - POST to endpoint: friendships/approve/7629691750/ returned response: <Response [200]>
2021-06-27 11:42:04,716 - instabot version: 0.117.0 (api) - DEBUG - POST to endpoint: friendships/approve/44727165240/ returned response: <Response [200]>
2021-06-27 11:42:06,332 - instabot version: 0.117.0 (api) - DEBUG - POST to endpoint: friendships/approve/40861027049/ returned response: <Response [200]>
2021-06-27 11:42:07,887 - instabot version: 0.117.0 (api) - DEBUG - POST to endpoint: friendships/approve/47413471890/ returned response: <Response [200]>
2021-06-27 11:42:09,540 - instabot version: 0.117.0 (api) - DEBUG - POST to endpoint: friendships/approve/48348846480/ returned response: <Response [200]>
2021-06-27 11:42:11,435 - instabot version: 0.117.0 (api) - DEBUG - POST to endpoint: friendships/approve/9412892784/ returned response: <Response [200]>
2021-06-27 11:42:13,659 - instabot version: 0.117.0 (api) - DEBUG - POST to endpoint: friendships/approve/18526257187/ returned response: <Response [200]>
2021-06-27 11:42:15,290 - instabot version: 0.117.0 (api) - DEBUG - POST to endpoint: friendships/approve/44855734815/ returned response: <Response [200]>
2021-06-27 11:42:19,244 - instabot version: 0.117.0 (api) - DEBUG - POST to endpoint: friendships/approve/5371822492/ returned response: <Response [200]>
2021-06-27 11:42:20,927 - instabot version: 0.117.0 (api) - DEBUG - POST to endpoint: friendships/approve/7291642542/ returned response: <Response [200]>
2021-06-27 11:42:22,304 - instabot version: 0.117.0 (api) - DEBUG - POST to endpoint: friendships/approve/10269311185/ returned response: <Response [200]>
2021-06-27 11:42:23,831 - instabot version: 0.117.0 (api) - DEBUG - POST to endpoint: friendships/approve/45730197523/ returned response: <Response [200]>
2021-06-27 11:42:25,430 - instabot version: 0.117.0 (api) - DEBUG - POST to endpoint: friendships/approve/13620712455/ returned response: <Response [200]>
2021-06-27 11:42:27,024 - instabot version: 0.117.0 (api) - DEBUG - POST to endpoint: friendships/approve/2442432617/ returned response: <Response [200]>
2021-06-27 11:42:28,948 - instabot version: 0.117.0 (api) - DEBUG - POST to endpoint: friendships/approve/7128776856/ returned response: <Response [200]>
2021-06-27 11:42:30,849 - instabot version: 0.117.0 (api) - DEBUG - POST to endpoint: friendships/approve/10027100312/ returned response: <Response [200]>
2021-06-27 11:42:32,125 - instabot version: 0.117.0 (api) - DEBUG - POST to endpoint: friendships/approve/45066537285/ returned response: <Response [200]>
2021-06-27 11:42:34,096 - instabot version: 0.117.0 (api) - DEBUG - POST to endpoint: friendships/approve/5610539021/ returned response: <Response [200]>
2021-06-27 11:42:35,763 - instabot version: 0.117.0 (api) - DEBUG - POST to endpoint: friendships/approve/48307859612/ returned response: <Response [200]>
2021-06-27 11:42:37,293 - instabot version: 0.117.0 (api) - DEBUG - POST to endpoint: friendships/approve/6639612274/ returned response: <Response [200]>
2021-06-27 11:42:38,934 - instabot version: 0.117.0 (api) - DEBUG - POST to endpoint: friendships/approve/45163677790/ returned response: <Response [200]>
2021-06-27 11:42:40,542 - instabot version: 0.117.0 (api) - DEBUG - POST to endpoint: friendships/approve/27436912782/ returned response: <Response [200]>
2021-06-27 11:42:42,130 - instabot version: 0.117.0 (api) - DEBUG - POST to endpoint: friendships/approve/16640076047/ returned response: <Response [200]>
2021-06-27 11:42:43,655 - instabot version: 0.117.0 (api) - DEBUG - POST to endpoint: friendships/approve/45450248414/ returned response: <Response [200]>
2021-06-27 11:42:46,126 - instabot version: 0.117.0 (api) - DEBUG - POST to endpoint: friendships/approve/45387239511/ returned response: <Response [200]>
2021-06-27 11:42:47,786 - instabot version: 0.117.0 (api) - DEBUG - POST to endpoint: friendships/approve/47355068872/ returned response: <Response [200]>
2021-06-27 11:42:49,450 - instabot version: 0.117.0 (api) - DEBUG - POST to endpoint: friendships/approve/45859249155/ returned response: <Response [200]>
2021-06-27 11:42:51,005 - instabot version: 0.117.0 (api) - DEBUG - POST to endpoint: friendships/approve/7072717119/ returned response: <Response [200]>
2021-06-27 11:42:52,640 - instabot version: 0.117.0 (api) - DEBUG - POST to endpoint: friendships/approve/47118184704/ returned response: <Response [200]>
2021-06-27 11:42:54,008 - instabot version: 0.117.0 (api) - DEBUG - POST to endpoint: friendships/approve/1336032432/ returned response: <Response [200]>
2021-06-27 11:42:55,459 - instabot version: 0.117.0 (api) - DEBUG - POST to endpoint: friendships/approve/11711709615/ returned response: <Response [200]>
2021-06-27 11:42:56,985 - instabot version: 0.117.0 (api) - DEBUG - POST to endpoint: friendships/approve/44945402889/ returned response: <Response [200]>
2021-06-27 11:42:58,459 - instabot version: 0.117.0 (api) - DEBUG - POST to endpoint: friendships/approve/45060919091/ returned response: <Response [200]>
2021-06-27 11:43:00,599 - instabot version: 0.117.0 (api) - DEBUG - POST to endpoint: friendships/approve/16163221899/ returned response: <Response [200]>
2021-06-27 11:43:02,362 - instabot version: 0.117.0 (api) - DEBUG - POST to endpoint: friendships/approve/6045170902/ returned response: <Response [200]>
2021-06-27 11:43:04,133 - instabot version: 0.117.0 (api) - DEBUG - POST to endpoint: friendships/approve/36791335280/ returned response: <Response [200]>
2021-06-27 11:43:05,943 - instabot version: 0.117.0 (api) - DEBUG - POST to endpoint: friendships/approve/44909615447/ returned response: <Response [200]>
2021-06-27 11:43:08,622 - instabot version: 0.117.0 (api) - DEBUG - POST to endpoint: friendships/approve/17348489623/ returned response: <Response [200]>
2021-06-27 11:43:10,310 - instabot version: 0.117.0 (api) - DEBUG - POST to endpoint: friendships/approve/40987755147/ returned response: <Response [200]>
2021-06-27 11:43:12,468 - instabot version: 0.117.0 (api) - DEBUG - POST to endpoint: friendships/approve/47736631914/ returned response: <Response [200]>
2021-06-27 11:43:13,776 - instabot version: 0.117.0 (api) - DEBUG - POST to endpoint: friendships/approve/45485711744/ returned response: <Response [200]>
2021-06-27 11:43:15,510 - instabot version: 0.117.0 (api) - DEBUG - POST to endpoint: friendships/approve/28326679014/ returned response: <Response [200]>
2021-06-27 11:43:17,152 - instabot version: 0.117.0 (api) - DEBUG - POST to endpoint: friendships/approve/43606142995/ returned response: <Response [200]>
2021-06-27 11:43:18,595 - instabot version: 0.117.0 (api) - DEBUG - POST to endpoint: friendships/approve/5676800364/ returned response: <Response [200]>
2021-06-27 11:43:21,163 - instabot version: 0.117.0 (api) - DEBUG - POST to endpoint: friendships/approve/41790457916/ returned response: <Response [200]>
2021-06-27 11:43:22,850 - instabot version: 0.117.0 (api) - DEBUG - POST to endpoint: friendships/approve/44970109043/ returned response: <Response [200]>
2021-06-27 11:43:24,613 - instabot version: 0.117.0 (api) - DEBUG - POST to endpoint: friendships/approve/39151467061/ returned response: <Response [200]>
2021-06-27 11:43:26,329 - instabot version: 0.117.0 (api) - DEBUG - POST to endpoint: friendships/approve/7461716140/ returned response: <Response [200]>
2021-06-27 11:43:27,650 - instabot version: 0.117.0 (api) - DEBUG - POST to endpoint: friendships/approve/2881386787/ returned response: <Response [200]>
2021-06-27 11:43:29,073 - instabot version: 0.117.0 (api) - DEBUG - POST to endpoint: friendships/approve/7031398729/ returned response: <Response [200]>
2021-06-27 11:43:30,505 - instabot version: 0.117.0 (api) - DEBUG - POST to endpoint: friendships/approve/47217487101/ returned response: <Response [200]>
2021-06-27 11:43:31,781 - instabot version: 0.117.0 (api) - DEBUG - POST to endpoint: friendships/approve/6469173599/ returned response: <Response [200]>
2021-06-27 11:43:33,267 - instabot version: 0.117.0 (api) - DEBUG - POST to endpoint: friendships/approve/2288148842/ returned response: <Response [200]>
2021-06-27 11:43:34,847 - instabot version: 0.117.0 (api) - DEBUG - POST to endpoint: friendships/approve/13381824857/ returned response: <Response [200]>
2021-06-27 11:43:36,452 - instabot version: 0.117.0 (api) - DEBUG - POST to endpoint: friendships/approve/35308884268/ returned response: <Response [200]>
2021-06-27 11:43:37,891 - instabot version: 0.117.0 (api) - DEBUG - POST to endpoint: friendships/approve/47769139448/ returned response: <Response [200]>
2021-06-27 11:43:40,006 - instabot version: 0.117.0 (api) - DEBUG - POST to endpoint: friendships/approve/3309759207/ returned response: <Response [200]>
2021-06-27 11:43:41,898 - instabot version: 0.117.0 (api) - DEBUG - POST to endpoint: friendships/approve/41105647692/ returned response: <Response [200]>
2021-06-27 11:43:43,485 - instabot version: 0.117.0 (api) - DEBUG - POST to endpoint: friendships/approve/3419887744/ returned response: <Response [200]>
2021-06-27 11:43:45,087 - instabot version: 0.117.0 (api) - DEBUG - POST to endpoint: friendships/approve/42127304260/ returned response: <Response [200]>
2021-06-27 11:43:46,574 - instabot version: 0.117.0 (api) - DEBUG - POST to endpoint: friendships/approve/35364537406/ returned response: <Response [200]>
2021-06-27 11:43:48,254 - instabot version: 0.117.0 (api) - DEBUG - POST to endpoint: friendships/approve/47869100607/ returned response: <Response [200]>
2021-06-27 11:43:49,889 - instabot version: 0.117.0 (api) - DEBUG - POST to endpoint: friendships/approve/25216798853/ returned response: <Response [200]>
2021-06-27 11:43:51,469 - instabot version: 0.117.0 (api) - DEBUG - POST to endpoint: friendships/approve/39763691634/ returned response: <Response [200]>
2021-06-27 11:43:53,536 - instabot version: 0.117.0 (api) - DEBUG - POST to endpoint: friendships/approve/47003627841/ returned response: <Response [200]>
2021-06-27 11:43:55,061 - instabot version: 0.117.0 (api) - DEBUG - POST to endpoint: friendships/approve/5343416630/ returned response: <Response [200]>
2021-06-27 11:43:56,653 - instabot version: 0.117.0 (api) - DEBUG - POST to endpoint: friendships/approve/44566190179/ returned response: <Response [200]>
2021-06-27 11:43:58,214 - instabot version: 0.117.0 (api) - DEBUG - POST to endpoint: friendships/approve/9469098173/ returned response: <Response [200]>
2021-06-27 11:43:59,488 - instabot version: 0.117.0 (api) - DEBUG - POST to endpoint: friendships/approve/45874903147/ returned response: <Response [200]>
2021-06-27 11:44:01,422 - instabot version: 0.117.0 (api) - DEBUG - POST to endpoint: friendships/approve/7575769531/ returned response: <Response [200]>
2021-06-27 11:44:03,337 - instabot version: 0.117.0 (api) - DEBUG - POST to endpoint: friendships/approve/7588250028/ returned response: <Response [200]>
2021-06-27 11:44:04,925 - instabot version: 0.117.0 (api) - DEBUG - POST to endpoint: friendships/approve/15287674903/ returned response: <Response [200]>
2021-06-27 11:44:06,524 - instabot version: 0.117.0 (api) - DEBUG - POST to endpoint: friendships/approve/7352003670/ returned response: <Response [200]>
2021-06-27 11:44:08,187 - instabot version: 0.117.0 (api) - DEBUG - POST to endpoint: friendships/approve/8628467814/ returned response: <Response [200]>
2021-06-27 11:44:09,784 - instabot version: 0.117.0 (api) - DEBUG - POST to endpoint: friendships/approve/48204585328/ returned response: <Response [200]>
2021-06-27 11:44:11,965 - instabot version: 0.117.0 (api) - DEBUG - POST to endpoint: friendships/approve/8928821892/ returned response: <Response [200]>
2021-06-27 11:44:13,621 - instabot version: 0.117.0 (api) - DEBUG - POST to endpoint: friendships/approve/20321044031/ returned response: <Response [200]>
2021-06-27 11:44:15,177 - instabot version: 0.117.0 (api) - DEBUG - POST to endpoint: friendships/approve/4944611562/ returned response: <Response [200]>
2021-06-27 11:44:16,768 - instabot version: 0.117.0 (api) - DEBUG - POST to endpoint: friendships/approve/21507432533/ returned response: <Response [200]>
2021-06-27 11:44:18,373 - instabot version: 0.117.0 (api) - DEBUG - POST to endpoint: friendships/approve/14424457263/ returned response: <Response [200]>
2021-06-27 11:44:19,966 - instabot version: 0.117.0 (api) - DEBUG - POST to endpoint: friendships/approve/42399052121/ returned response: <Response [200]>
2021-06-27 11:44:21,650 - instabot version: 0.117.0 (api) - DEBUG - POST to endpoint: friendships/approve/43997423780/ returned response: <Response [200]>
2021-06-27 11:44:23,293 - instabot version: 0.117.0 (api) - DEBUG - POST to endpoint: friendships/approve/37020084665/ returned response: <Response [200]>
2021-06-27 11:44:24,536 - instabot version: 0.117.0 (api) - DEBUG - POST to endpoint: friendships/approve/46859368686/ returned response: <Response [200]>
2021-06-27 11:44:24,540 - instabot version: 0.117.0 (bot_follow) - INFO - DONE: 200 people approved.
2021-06-27 11:44:24,544 - instabot version: 0.117.0 (bot_checkpoint) - DEBUG - Saving Checkpoint file to: C:\Users\hp\Desktop\Instagram/config/taniya_verma_143.checkpoint
2021-06-27 11:44:24,546 - instabot version: 0.117.0 (bot) - INFO - Total follows: 2/95
2021-06-27 11:44:24,548 - instabot version: 0.117.0 (bot) - INFO - Total messages: 1/94
2021-06-27 11:44:24,549 - instabot version: 0.117.0 (bot) - INFO - Total requests: 269
2021-06-27 12:26:18,298 - instabot version: 0.117.0 (bot) - INFO - Instabot version: 0.117.0 Started
2021-06-27 12:26:18,305 - instabot version: 0.117.0 (bot) - DEBUG - Bot imported from C:\Users\hp\AppData\Local\Programs\Python\Python38-32\lib\site-packages\instabot\bot\bot.py
