2021-06-23 18:40:27,523 - instabot version: 0.117.0 (bot) - INFO - Instabot version: 0.117.0 Started
2021-06-23 18:40:27,526 - instabot version: 0.117.0 (bot) - DEBUG - Bot imported from C:\Users\hp\AppData\Local\Programs\Python\Python38-32\lib\site-packages\instabot\bot\bot.py
2021-06-23 18:40:27,530 - instabot version: 0.117.0 (api_login) - INFO - Not yet logged in starting: PRE-LOGIN FLOW!
2021-06-23 18:40:30,094 - instabot version: 0.117.0 (api) - DEBUG - POST to endpoint: accounts/get_prefill_candidates/ returned response: <Response [200]>
2021-06-23 18:40:30,696 - instabot version: 0.117.0 (api) - DEBUG - POST to endpoint: qe/sync/ returned response: <Response [200]>
2021-06-23 18:40:31,261 - instabot version: 0.117.0 (api) - DEBUG - POST to endpoint: launcher/sync/ returned response: <Response [200]>
2021-06-23 18:40:31,977 - instabot version: 0.117.0 (api) - DEBUG - POST to endpoint: accounts/contact_point_prefill/ returned response: <Response [200]>
2021-06-23 18:40:35,798 - instabot version: 0.117.0 (api) - DEBUG - POST to endpoint: accounts/login/ returned response: <Response [200]>
2021-06-23 18:40:36,052 - instabot version: 0.117.0 (api) - INFO - Logged-in successfully as 'taniya_verma_143'!
2021-06-23 18:40:36,053 - instabot version: 0.117.0 (api_login) - INFO - LOGIN FLOW! Just logged-in: True
2021-06-23 18:40:36,607 - instabot version: 0.117.0 (api) - DEBUG - POST to endpoint: qe/sync/ returned response: <Response [200]>
2021-06-23 18:40:37,186 - instabot version: 0.117.0 (api) - DEBUG - POST to endpoint: launcher/sync/ returned response: <Response [200]>
2021-06-23 18:40:37,725 - instabot version: 0.117.0 (api) - DEBUG - GET to endpoint: zr/token/result/?device_id=android-483dd0c6a985d9f6&token_hash=&custom_device_id=android-483dd0c6a985d9f6&fetch_reason=token_expired returned response: <Response [200]>
2021-06-23 18:40:38,458 - instabot version: 0.117.0 (api) - DEBUG - GET to endpoint: multiple_accounts/get_account_family/ returned response: <Response [200]>
2021-06-23 18:40:39,107 - instabot version: 0.117.0 (api) - DEBUG - POST to endpoint: qe/sync/ returned response: <Response [200]>
2021-06-23 18:40:40,015 - instabot version: 0.117.0 (api) - DEBUG - GET to endpoint: igtv/browse_feed/?prefetch=1 returned response: <Response [200]>
2021-06-23 18:40:40,596 - instabot version: 0.117.0 (api) - DEBUG - POST to endpoint: creatives/ar_class/ returned response: <Response [200]>
2021-06-23 18:40:41,443 - instabot version: 0.117.0 (api) - DEBUG - POST to endpoint: feed/reels_tray/ returned response: <Response [200]>
2021-06-23 18:40:43,127 - instabot version: 0.117.0 (api) - DEBUG - POST to endpoint: feed/timeline/ returned response: <Response [200]>
2021-06-23 18:40:43,954 - instabot version: 0.117.0 (api) - DEBUG - GET to endpoint: media/blocked/ returned response: <Response [200]>
2021-06-23 18:40:44,849 - instabot version: 0.117.0 (api) - DEBUG - GET to endpoint: news/inbox/ returned response: <Response [200]>
2021-06-23 18:40:45,498 - instabot version: 0.117.0 (api) - DEBUG - GET to endpoint: loom/fetch_config/ returned response: <Response [200]>
2021-06-23 18:40:46,138 - instabot version: 0.117.0 (api) - DEBUG - GET to endpoint: scores/bootstrap/users/?surfaces=["autocomplete_user_list","coefficient_besties_list_ranking","coefficient_rank_recipient_user_suggestion","coefficient_ios_section_test_bootstrap_ranking","coefficient_direct_recipients_ranking_variant_2"] returned response: <Response [200]>
2021-06-23 18:40:46,780 - instabot version: 0.117.0 (api) - DEBUG - GET to endpoint: business/eligibility/get_monetization_products_eligibility_data/?product_types=branded_content returned response: <Response [200]>
2021-06-23 18:40:47,419 - instabot version: 0.117.0 (api) - DEBUG - GET to endpoint: business/branded_content/should_require_professional_account/ returned response: <Response [200]>
2021-06-23 18:40:47,949 - instabot version: 0.117.0 (api) - DEBUG - GET to endpoint: linked_accounts/get_linkage_status/ returned response: <Response [200]>
2021-06-23 18:40:48,806 - instabot version: 0.117.0 (api) - DEBUG - GET to endpoint: locations/request_country/ returned response: <Response [200]>
2021-06-23 18:40:49,871 - instabot version: 0.117.0 (api) - DEBUG - GET to endpoint: qp/get_cooldowns/?signed_body=signed_body=4b9c516a5410a3bc128e09c6104a7f042146b9c2023870560c63a43a7f66781c.4&ig_sig_key_version=4&ig_sig_key_version=4 returned response: <Response [200]>
2021-06-23 18:40:50,938 - instabot version: 0.117.0 (api) - DEBUG - GET to endpoint: users/arlink_download_info/?version_override=2.2.1 returned response: <Response [200]>
2021-06-23 18:40:51,933 - instabot version: 0.117.0 (api) - DEBUG - GET to endpoint: users/48070542859/info/ returned response: <Response [200]>
2021-06-23 18:40:52,849 - instabot version: 0.117.0 (api) - DEBUG - GET to endpoint: direct_v2/get_presence/ returned response: <Response [200]>
2021-06-23 18:40:54,359 - instabot version: 0.117.0 (api) - DEBUG - GET to endpoint: direct_v2/inbox/?visual_message_return_type=unseen&thread_message_limit=10&persistentBadging=true&limit=20 returned response: <Response [200]>
2021-06-23 18:40:55,683 - instabot version: 0.117.0 (api) - DEBUG - GET to endpoint: direct_v2/inbox/?visual_message_return_type=unseen&persistentBadging=true&limit=0 returned response: <Response [200]>
2021-06-23 18:40:57,216 - instabot version: 0.117.0 (api) - DEBUG - GET to endpoint: discover/topical_explore/?is_prefetch=true&omit_cover_media=true&use_sectional_payload=true&timezone_offset=0&session_id=79a4cb25-852f-4874-8221-5a1ccf70a877&include_fixed_destinations=true returned response: <Response [200]>
2021-06-23 18:40:57,789 - instabot version: 0.117.0 (api) - DEBUG - POST to endpoint: notifications/badge/ returned response: <Response [200]>
2021-06-23 18:40:58,519 - instabot version: 0.117.0 (api) - DEBUG - POST to endpoint: qp/batch_fetch/ returned response: <Response [200]>
2021-06-23 18:40:58,525 - instabot version: 0.117.0 (bot_checkpoint) - DEBUG - Loading Checkpoint file from: C:\Users\hp\Desktop\Instagram/config/taniya_verma_143.checkpoint
2021-06-23 18:40:59,258 - instabot version: 0.117.0 (api) - DEBUG - GET to endpoint: users/saharsh_solanki_/usernameinfo/ returned response: <Response [200]>
2021-06-23 18:40:59,799 - instabot version: 0.117.0 (bot_direct) - INFO - Going to send 1 messages.
2021-06-23 18:41:02,138 - instabot version: 0.117.0 (api) - DEBUG - POST to endpoint: direct_v2/threads/broadcast/text/ returned response: <Response [200]>
2021-06-23 18:41:02,743 - instabot version: 0.117.0 (api) - DEBUG - GET to endpoint: users/atwal7555/usernameinfo/ returned response: <Response [200]>
2021-06-23 18:41:04,455 - instabot version: 0.117.0 (api) - DEBUG - GET to endpoint: users/47430622394/info/ returned response: <Response [200]>
2021-06-23 18:41:05,183 - instabot version: 0.117.0 (api) - DEBUG - GET to endpoint: friendships/47430622394/followers/?rank_token=48070542859_7c356b89-2180-42cc-b363-4e0ed90a30ca returned response: <Response [200]>
2021-06-23 18:41:06,090 - instabot version: 0.117.0 (api) - DEBUG - GET to endpoint: friendships/47430622394/followers/?rank_token=48070542859_7c356b89-2180-42cc-b363-4e0ed90a30ca&max_id=100 returned response: <Response [200]>
2021-06-23 18:41:06,098 - instabot version: 0.117.0 (bot_follow) - INFO - Going to follow `user_id` 11704758254.
2021-06-23 18:41:06,100 - instabot version: 0.117.0 (api) - DEBUG - post data: {"user_id": "11704758254", "radio_type": "wifi-none", "device_id": "android-483dd0c6a985d9f6", "_uuid": "7c356b89-2180-42cc-b363-4e0ed90a30ca", "_uid": "48070542859", "_csrftoken": "GkjNzTXkoFmNRbGZ16soDdoM6rFuQDDo"}
2021-06-23 18:41:08,253 - instabot version: 0.117.0 (api) - DEBUG - POST to endpoint: friendships/create/11704758254/ returned response: <Response [200]>
2021-06-23 18:41:08,253 - instabot version: 0.117.0 (bot_follow) - INFO - Followed `user_id` 11704758254.
2021-06-23 18:41:09,177 - instabot version: 0.117.0 (api) - DEBUG - GET to endpoint: users/48070542859/info/ returned response: <Response [200]>
2021-06-23 18:41:09,822 - instabot version: 0.117.0 (api) - DEBUG - GET to endpoint: friendships/48070542859/following/?max_id=&ig_sig_key_version=4&rank_token=48070542859_7c356b89-2180-42cc-b363-4e0ed90a30ca returned response: <Response [200]>
2021-06-23 18:41:14,831 - instabot version: 0.117.0 (bot_follow) - INFO - Going to follow `user_id` 47400598469.
2021-06-23 18:45:55,863 - instabot version: 0.117.0 (api) - DEBUG - post data: {"user_id": "47400598469", "radio_type": "wifi-none", "device_id": "android-483dd0c6a985d9f6", "_uuid": "7c356b89-2180-42cc-b363-4e0ed90a30ca", "_uid": "48070542859", "_csrftoken": "GkjNzTXkoFmNRbGZ16soDdoM6rFuQDDo"}
2021-06-23 18:45:57,752 - instabot version: 0.117.0 (api) - DEBUG - POST to endpoint: friendships/create/47400598469/ returned response: <Response [200]>
2021-06-23 18:45:57,752 - instabot version: 0.117.0 (bot_follow) - INFO - Followed `user_id` 47400598469.
2021-06-23 18:46:02,814 - instabot version: 0.117.0 (bot_follow) - INFO - Going to follow `user_id` 40271127303.
2021-06-23 18:49:56,579 - instabot version: 0.117.0 (api) - DEBUG - post data: {"user_id": "40271127303", "radio_type": "wifi-none", "device_id": "android-483dd0c6a985d9f6", "_uuid": "7c356b89-2180-42cc-b363-4e0ed90a30ca", "_uid": "48070542859", "_csrftoken": "GkjNzTXkoFmNRbGZ16soDdoM6rFuQDDo"}
2021-06-23 18:49:59,513 - instabot version: 0.117.0 (api) - DEBUG - POST to endpoint: friendships/create/40271127303/ returned response: <Response [200]>
2021-06-23 18:49:59,513 - instabot version: 0.117.0 (bot_follow) - INFO - Followed `user_id` 40271127303.
2021-06-23 18:50:04,543 - instabot version: 0.117.0 (bot_follow) - INFO - Going to follow `user_id` 45292918670.
