2021-06-27 11:06:56,565 - instabot version: 0.117.0 (bot) - INFO - Instabot version: 0.117.0 Started
2021-06-27 11:06:56,567 - instabot version: 0.117.0 (bot) - DEBUG - Bot imported from C:\Users\hp\AppData\Local\Programs\Python\Python38-32\lib\site-packages\instabot\bot\bot.py
2021-06-27 11:06:56,568 - instabot version: 0.117.0 (api_login) - INFO - Not yet logged in starting: PRE-LOGIN FLOW!
2021-06-27 11:06:58,005 - instabot version: 0.117.0 (api) - DEBUG - POST to endpoint: accounts/get_prefill_candidates/ returned response: <Response [200]>
2021-06-27 11:06:58,672 - instabot version: 0.117.0 (api) - DEBUG - POST to endpoint: qe/sync/ returned response: <Response [200]>
2021-06-27 11:06:59,583 - instabot version: 0.117.0 (api) - DEBUG - POST to endpoint: launcher/sync/ returned response: <Response [200]>
2021-06-27 11:07:00,521 - instabot version: 0.117.0 (api) - DEBUG - POST to endpoint: accounts/contact_point_prefill/ returned response: <Response [200]>
2021-06-27 11:07:03,134 - instabot version: 0.117.0 (api) - DEBUG - POST to endpoint: accounts/login/ returned response: <Response [200]>
2021-06-27 11:07:03,134 - instabot version: 0.117.0 (api) - INFO - Logged-in successfully as 'taniya_verma_143'!
2021-06-27 11:07:03,139 - instabot version: 0.117.0 (api_login) - INFO - LOGIN FLOW! Just logged-in: True
2021-06-27 11:07:04,126 - instabot version: 0.117.0 (api) - DEBUG - POST to endpoint: qe/sync/ returned response: <Response [200]>
2021-06-27 11:07:04,941 - instabot version: 0.117.0 (api) - DEBUG - POST to endpoint: launcher/sync/ returned response: <Response [200]>
2021-06-27 11:07:06,383 - instabot version: 0.117.0 (api) - DEBUG - GET to endpoint: zr/token/result/?device_id=android-483dd0c6a985d9f6&token_hash=&custom_device_id=android-483dd0c6a985d9f6&fetch_reason=token_expired returned response: <Response [200]>
2021-06-27 11:07:07,829 - instabot version: 0.117.0 (api) - DEBUG - GET to endpoint: multiple_accounts/get_account_family/ returned response: <Response [200]>
2021-06-27 11:07:08,789 - instabot version: 0.117.0 (api) - DEBUG - POST to endpoint: qe/sync/ returned response: <Response [200]>
2021-06-27 11:07:10,502 - instabot version: 0.117.0 (api) - DEBUG - GET to endpoint: igtv/browse_feed/?prefetch=1 returned response: <Response [200]>
2021-06-27 11:07:12,013 - instabot version: 0.117.0 (api) - DEBUG - POST to endpoint: creatives/ar_class/ returned response: <Response [200]>
2021-06-27 11:07:16,739 - instabot version: 0.117.0 (api) - DEBUG - POST to endpoint: feed/reels_tray/ returned response: <Response [200]>
2021-06-27 11:07:20,074 - instabot version: 0.117.0 (api) - DEBUG - POST to endpoint: feed/timeline/ returned response: <Response [200]>
2021-06-27 11:07:21,228 - instabot version: 0.117.0 (api) - DEBUG - GET to endpoint: media/blocked/ returned response: <Response [200]>
2021-06-27 11:07:23,229 - instabot version: 0.117.0 (api) - DEBUG - GET to endpoint: news/inbox/ returned response: <Response [200]>
2021-06-27 11:07:24,712 - instabot version: 0.117.0 (api) - DEBUG - GET to endpoint: loom/fetch_config/ returned response: <Response [200]>
2021-06-27 11:07:26,511 - instabot version: 0.117.0 (api) - DEBUG - GET to endpoint: scores/bootstrap/users/?surfaces=["autocomplete_user_list","coefficient_besties_list_ranking","coefficient_rank_recipient_user_suggestion","coefficient_ios_section_test_bootstrap_ranking","coefficient_direct_recipients_ranking_variant_2"] returned response: <Response [200]>
2021-06-27 11:07:27,212 - instabot version: 0.117.0 (api) - DEBUG - GET to endpoint: business/eligibility/get_monetization_products_eligibility_data/?product_types=branded_content returned response: <Response [200]>
2021-06-27 11:07:28,030 - instabot version: 0.117.0 (api) - DEBUG - GET to endpoint: business/branded_content/should_require_professional_account/ returned response: <Response [200]>
2021-06-27 11:07:28,921 - instabot version: 0.117.0 (api) - DEBUG - GET to endpoint: linked_accounts/get_linkage_status/ returned response: <Response [200]>
2021-06-27 11:07:29,930 - instabot version: 0.117.0 (api) - DEBUG - GET to endpoint: locations/request_country/ returned response: <Response [200]>
2021-06-27 11:07:30,753 - instabot version: 0.117.0 (api) - DEBUG - GET to endpoint: qp/get_cooldowns/?signed_body=signed_body=4b9c516a5410a3bc128e09c6104a7f042146b9c2023870560c63a43a7f66781c.4&ig_sig_key_version=4&ig_sig_key_version=4 returned response: <Response [200]>
2021-06-27 11:07:31,481 - instabot version: 0.117.0 (api) - DEBUG - GET to endpoint: users/arlink_download_info/?version_override=2.2.1 returned response: <Response [200]>
2021-06-27 11:07:32,411 - instabot version: 0.117.0 (api) - DEBUG - GET to endpoint: users/48070542859/info/ returned response: <Response [200]>
2021-06-27 11:07:33,753 - instabot version: 0.117.0 (api) - DEBUG - GET to endpoint: direct_v2/get_presence/ returned response: <Response [200]>
2021-06-27 11:07:35,002 - instabot version: 0.117.0 (api) - DEBUG - GET to endpoint: direct_v2/inbox/?visual_message_return_type=unseen&thread_message_limit=10&persistentBadging=true&limit=20 returned response: <Response [200]>
2021-06-27 11:07:36,207 - instabot version: 0.117.0 (api) - DEBUG - GET to endpoint: direct_v2/inbox/?visual_message_return_type=unseen&persistentBadging=true&limit=0 returned response: <Response [200]>
2021-06-27 11:07:37,148 - instabot version: 0.117.0 (api) - DEBUG - GET to endpoint: discover/topical_explore/?is_prefetch=true&omit_cover_media=true&use_sectional_payload=true&timezone_offset=0&session_id=dd01f2e8-53a8-473f-9d81-c2877be55270&include_fixed_destinations=true returned response: <Response [200]>
2021-06-27 11:07:37,926 - instabot version: 0.117.0 (api) - DEBUG - POST to endpoint: notifications/badge/ returned response: <Response [200]>
2021-06-27 11:07:38,838 - instabot version: 0.117.0 (api) - DEBUG - POST to endpoint: qp/batch_fetch/ returned response: <Response [200]>
2021-06-27 11:07:38,844 - instabot version: 0.117.0 (bot_checkpoint) - DEBUG - Loading Checkpoint file from: C:\Users\hp\Desktop\Instagram/config/taniya_verma_143.checkpoint
2021-06-27 11:07:39,737 - instabot version: 0.117.0 (api) - DEBUG - GET to endpoint: users/saharsh_solanki_/usernameinfo/ returned response: <Response [200]>
2021-06-27 11:07:40,296 - instabot version: 0.117.0 (bot_direct) - INFO - Going to send 1 messages.
2021-06-27 11:07:41,404 - instabot version: 0.117.0 (api) - DEBUG - POST to endpoint: direct_v2/threads/broadcast/text/ returned response: <Response [200]>
2021-06-27 11:07:42,198 - instabot version: 0.117.0 (api) - DEBUG - GET to endpoint: users/vivektyagi7161/usernameinfo/ returned response: <Response [200]>
2021-06-27 11:07:43,958 - instabot version: 0.117.0 (api) - DEBUG - GET to endpoint: users/6043234385/info/ returned response: <Response [200]>
2021-06-27 11:07:45,302 - instabot version: 0.117.0 (api) - DEBUG - GET to endpoint: friendships/6043234385/followers/?rank_token=48070542859_3fbf61cb-f0b9-46e9-b6bc-85ecf64fc982 returned response: <Response [200]>
2021-06-27 11:07:46,574 - instabot version: 0.117.0 (api) - DEBUG - GET to endpoint: friendships/6043234385/followers/?rank_token=48070542859_3fbf61cb-f0b9-46e9-b6bc-85ecf64fc982&max_id=100 returned response: <Response [200]>
2021-06-27 11:07:47,770 - instabot version: 0.117.0 (api) - DEBUG - GET to endpoint: friendships/6043234385/followers/?rank_token=48070542859_3fbf61cb-f0b9-46e9-b6bc-85ecf64fc982&max_id=200 returned response: <Response [200]>
2021-06-27 11:07:47,777 - instabot version: 0.117.0 (bot_follow) - INFO - Going to follow `user_id` 4143407981.
2021-06-27 11:07:52,603 - instabot version: 0.117.0 (api) - DEBUG - GET to endpoint: users/48070542859/info/ returned response: <Response [200]>
2021-06-27 11:07:54,160 - instabot version: 0.117.0 (api) - DEBUG - GET to endpoint: friendships/48070542859/following/?max_id=&ig_sig_key_version=4&rank_token=48070542859_3fbf61cb-f0b9-46e9-b6bc-85ecf64fc982 returned response: <Response [200]>
2021-06-27 11:07:56,869 - instabot version: 0.117.0 (api) - DEBUG - GET to endpoint: users/4143407981/info/ returned response: <Response [200]>
2021-06-27 11:07:56,878 - instabot version: 0.117.0 (bot_follow) - INFO - Going to follow `user_id` 4143407981.
2021-06-27 11:07:58,359 - instabot version: 0.117.0 (bot_follow) - INFO - Going to follow `user_id` 4143407981.
2021-06-27 11:07:59,998 - instabot version: 0.117.0 (bot_follow) - INFO - Going to follow `user_id` 4143407981.
2021-06-27 11:08:03,057 - instabot version: 0.117.0 (bot_follow) - INFO - Going to follow `user_id` 4143407981.
2021-06-27 11:08:04,399 - instabot version: 0.117.0 (bot_follow) - INFO - Going to follow `user_id` 4143407981.
2021-06-27 11:08:07,320 - instabot version: 0.117.0 (bot_follow) - INFO - Going to follow `user_id` 4143407981.
2021-06-27 11:08:10,412 - instabot version: 0.117.0 (bot_follow) - INFO - Going to follow `user_id` 4143407981.
2021-06-27 11:08:11,524 - instabot version: 0.117.0 (bot_follow) - INFO - Going to follow `user_id` 4143407981.
2021-06-27 11:08:13,427 - instabot version: 0.117.0 (bot_follow) - INFO - Going to follow `user_id` 4143407981.
2021-06-27 11:08:15,433 - instabot version: 0.117.0 (bot_follow) - INFO - Going to follow `user_id` 4143407981.
2021-06-27 11:08:18,433 - instabot version: 0.117.0 (bot_follow) - INFO - Going to follow `user_id` 4499084472.
2021-06-27 11:08:23,961 - instabot version: 0.117.0 (api) - DEBUG - GET to endpoint: users/4499084472/info/ returned response: <Response [200]>
2021-06-27 11:08:23,967 - instabot version: 0.117.0 (api) - DEBUG - post data: {"user_id": "4499084472", "radio_type": "wifi-none", "device_id": "android-483dd0c6a985d9f6", "_uuid": "3fbf61cb-f0b9-46e9-b6bc-85ecf64fc982", "_uid": "48070542859", "_csrftoken": "ejnmfZ2Y1XaYfhpuIG5Nb6G9cbnOKClS"}
2021-06-27 11:08:25,763 - instabot version: 0.117.0 (api) - DEBUG - POST to endpoint: friendships/create/4499084472/ returned response: <Response [200]>
2021-06-27 11:08:25,763 - instabot version: 0.117.0 (bot_follow) - INFO - Followed `user_id` 4499084472.
2021-06-27 11:08:25,765 - instabot version: 0.117.0 (bot_follow) - INFO - Going to follow `user_id` 4200198588.
2021-06-27 11:08:30,688 - instabot version: 0.117.0 (api) - DEBUG - GET to endpoint: users/4200198588/info/ returned response: <Response [200]>
