2021-06-23 18:20:30,107 - instabot version: 0.117.0 (bot) - INFO - Instabot version: 0.117.0 Started
2021-06-23 18:20:30,112 - instabot version: 0.117.0 (bot) - DEBUG - Bot imported from C:\Users\hp\AppData\Local\Programs\Python\Python38-32\lib\site-packages\instabot\bot\bot.py
2021-06-23 18:20:30,115 - instabot version: 0.117.0 (api_login) - INFO - Not yet logged in starting: PRE-LOGIN FLOW!
2021-06-23 18:20:32,167 - instabot version: 0.117.0 (api) - DEBUG - POST to endpoint: accounts/get_prefill_candidates/ returned response: <Response [200]>
2021-06-23 18:20:32,756 - instabot version: 0.117.0 (api) - DEBUG - POST to endpoint: qe/sync/ returned response: <Response [200]>
2021-06-23 18:20:33,396 - instabot version: 0.117.0 (api) - DEBUG - POST to endpoint: launcher/sync/ returned response: <Response [200]>
2021-06-23 18:20:34,029 - instabot version: 0.117.0 (api) - DEBUG - POST to endpoint: accounts/contact_point_prefill/ returned response: <Response [200]>
2021-06-23 18:20:37,252 - instabot version: 0.117.0 (api) - DEBUG - POST to endpoint: accounts/login/ returned response: <Response [200]>
2021-06-23 18:20:37,267 - instabot version: 0.117.0 (api) - INFO - Logged-in successfully as 'taniya_verma_143'!
2021-06-23 18:20:37,270 - instabot version: 0.117.0 (api_login) - INFO - LOGIN FLOW! Just logged-in: True
2021-06-23 18:20:37,874 - instabot version: 0.117.0 (api) - DEBUG - POST to endpoint: qe/sync/ returned response: <Response [200]>
2021-06-23 18:20:38,514 - instabot version: 0.117.0 (api) - DEBUG - POST to endpoint: launcher/sync/ returned response: <Response [200]>
2021-06-23 18:20:39,157 - instabot version: 0.117.0 (api) - DEBUG - GET to endpoint: zr/token/result/?device_id=android-483dd0c6a985d9f6&token_hash=&custom_device_id=android-483dd0c6a985d9f6&fetch_reason=token_expired returned response: <Response [200]>
2021-06-23 18:20:40,464 - instabot version: 0.117.0 (api) - DEBUG - GET to endpoint: multiple_accounts/get_account_family/ returned response: <Response [200]>
2021-06-23 18:20:43,380 - instabot version: 0.117.0 (api) - DEBUG - POST to endpoint: qe/sync/ returned response: <Response [200]>
2021-06-23 18:20:44,928 - instabot version: 0.117.0 (api) - DEBUG - GET to endpoint: igtv/browse_feed/?prefetch=1 returned response: <Response [200]>
2021-06-23 18:20:45,763 - instabot version: 0.117.0 (api) - DEBUG - POST to endpoint: creatives/ar_class/ returned response: <Response [200]>
2021-06-23 18:20:47,739 - instabot version: 0.117.0 (api) - DEBUG - POST to endpoint: feed/reels_tray/ returned response: <Response [200]>
2021-06-23 18:20:53,028 - instabot version: 0.117.0 (api) - DEBUG - POST to endpoint: feed/timeline/ returned response: <Response [200]>
2021-06-23 18:20:55,200 - instabot version: 0.117.0 (api) - DEBUG - GET to endpoint: media/blocked/ returned response: <Response [200]>
2021-06-23 18:20:57,970 - instabot version: 0.117.0 (api) - DEBUG - GET to endpoint: news/inbox/ returned response: <Response [200]>
2021-06-23 18:20:59,301 - instabot version: 0.117.0 (api) - DEBUG - GET to endpoint: loom/fetch_config/ returned response: <Response [200]>
2021-06-23 18:21:00,008 - instabot version: 0.117.0 (api) - DEBUG - GET to endpoint: scores/bootstrap/users/?surfaces=["autocomplete_user_list","coefficient_besties_list_ranking","coefficient_rank_recipient_user_suggestion","coefficient_ios_section_test_bootstrap_ranking","coefficient_direct_recipients_ranking_variant_2"] returned response: <Response [200]>
2021-06-23 18:21:00,739 - instabot version: 0.117.0 (api) - DEBUG - GET to endpoint: business/eligibility/get_monetization_products_eligibility_data/?product_types=branded_content returned response: <Response [200]>
2021-06-23 18:21:02,007 - instabot version: 0.117.0 (api) - DEBUG - GET to endpoint: business/branded_content/should_require_professional_account/ returned response: <Response [200]>
2021-06-23 18:21:03,075 - instabot version: 0.117.0 (api) - DEBUG - GET to endpoint: linked_accounts/get_linkage_status/ returned response: <Response [200]>
2021-06-23 18:21:03,814 - instabot version: 0.117.0 (api) - DEBUG - GET to endpoint: locations/request_country/ returned response: <Response [200]>
2021-06-23 18:21:05,052 - instabot version: 0.117.0 (api) - DEBUG - GET to endpoint: qp/get_cooldowns/?signed_body=signed_body=4b9c516a5410a3bc128e09c6104a7f042146b9c2023870560c63a43a7f66781c.4&ig_sig_key_version=4&ig_sig_key_version=4 returned response: <Response [200]>
2021-06-23 18:21:06,613 - instabot version: 0.117.0 (api) - DEBUG - GET to endpoint: users/arlink_download_info/?version_override=2.2.1 returned response: <Response [200]>
2021-06-23 18:21:07,835 - instabot version: 0.117.0 (api) - DEBUG - GET to endpoint: users/48070542859/info/ returned response: <Response [200]>
2021-06-23 18:21:09,245 - instabot version: 0.117.0 (api) - DEBUG - GET to endpoint: direct_v2/get_presence/ returned response: <Response [200]>
2021-06-23 18:21:10,208 - instabot version: 0.117.0 (api) - DEBUG - GET to endpoint: direct_v2/inbox/?visual_message_return_type=unseen&thread_message_limit=10&persistentBadging=true&limit=20 returned response: <Response [200]>
2021-06-23 18:21:10,764 - instabot version: 0.117.0 (api) - DEBUG - GET to endpoint: direct_v2/inbox/?visual_message_return_type=unseen&persistentBadging=true&limit=0 returned response: <Response [200]>
2021-06-23 18:21:12,474 - instabot version: 0.117.0 (api) - DEBUG - GET to endpoint: discover/topical_explore/?is_prefetch=true&omit_cover_media=true&use_sectional_payload=true&timezone_offset=0&session_id=c9f8f382-972a-499f-9074-ddd7ba83c237&include_fixed_destinations=true returned response: <Response [200]>
2021-06-23 18:21:13,020 - instabot version: 0.117.0 (api) - DEBUG - POST to endpoint: notifications/badge/ returned response: <Response [200]>
2021-06-23 18:21:14,038 - instabot version: 0.117.0 (api) - DEBUG - POST to endpoint: qp/batch_fetch/ returned response: <Response [200]>
2021-06-23 18:21:14,041 - instabot version: 0.117.0 (bot_checkpoint) - DEBUG - Loading Checkpoint file from: C:\Users\hp\Desktop\Instagram/config/taniya_verma_143.checkpoint
2021-06-23 18:21:15,639 - instabot version: 0.117.0 (api) - DEBUG - GET to endpoint: users/saharsh_solanki_/usernameinfo/ returned response: <Response [200]>
2021-06-23 18:21:16,154 - instabot version: 0.117.0 (bot_direct) - INFO - Going to send 1 messages.
2021-06-23 18:21:18,808 - instabot version: 0.117.0 (api) - DEBUG - POST to endpoint: direct_v2/threads/broadcast/text/ returned response: <Response [200]>
2021-06-23 18:21:22,117 - instabot version: 0.117.0 (api) - DEBUG - GET to endpoint: users/paragmodi2601/usernameinfo/ returned response: <Response [200]>
2021-06-23 18:21:25,246 - instabot version: 0.117.0 (api) - DEBUG - GET to endpoint: users/47090466703/info/ returned response: <Response [200]>
2021-06-23 18:21:26,863 - instabot version: 0.117.0 (api) - DEBUG - GET to endpoint: friendships/47090466703/followers/?rank_token=48070542859_f67fcccc-6c41-4acf-9984-c5d8782f8f2b returned response: <Response [200]>
2021-06-23 18:21:26,864 - instabot version: 0.117.0 (bot_follow) - INFO - Follow followers of: paragmodi2601
2021-06-23 18:21:28,921 - instabot version: 0.117.0 (api) - DEBUG - GET to endpoint: users/47090466703/info/ returned response: <Response [200]>
2021-06-23 18:21:31,687 - instabot version: 0.117.0 (api) - DEBUG - GET to endpoint: friendships/47090466703/followers/?rank_token=48070542859_f67fcccc-6c41-4acf-9984-c5d8782f8f2b returned response: <Response [200]>
2021-06-23 18:21:31,717 - instabot version: 0.117.0 (bot_follow) - INFO - paragmodi2601 not found / closed / has no followers.
2021-06-23 18:21:31,722 - instabot version: 0.117.0 (bot_checkpoint) - DEBUG - Saving Checkpoint file to: C:\Users\hp\Desktop\Instagram/config/taniya_verma_143.checkpoint
2021-06-23 18:21:31,751 - instabot version: 0.117.0 (bot) - INFO - Total messages: 2/99
2021-06-23 18:21:31,751 - instabot version: 0.117.0 (bot) - INFO - Total requests: 44
