2021-06-27 10:53:19,168 - instabot version: 0.117.0 (bot) - INFO - Instabot version: 0.117.0 Started
2021-06-27 10:53:19,208 - instabot version: 0.117.0 (bot) - DEBUG - Bot imported from C:\Users\hp\AppData\Local\Programs\Python\Python38-32\lib\site-packages\instabot\bot\bot.py
2021-06-27 10:53:19,211 - instabot version: 0.117.0 (api_login) - INFO - Not yet logged in starting: PRE-LOGIN FLOW!
2021-06-27 10:53:20,749 - instabot version: 0.117.0 (api) - DEBUG - POST to endpoint: accounts/get_prefill_candidates/ returned response: <Response [200]>
2021-06-27 10:53:21,499 - instabot version: 0.117.0 (api) - DEBUG - POST to endpoint: qe/sync/ returned response: <Response [200]>
2021-06-27 10:53:22,195 - instabot version: 0.117.0 (api) - DEBUG - POST to endpoint: launcher/sync/ returned response: <Response [200]>
2021-06-27 10:53:22,809 - instabot version: 0.117.0 (api) - DEBUG - POST to endpoint: accounts/contact_point_prefill/ returned response: <Response [200]>
2021-06-27 10:53:25,752 - instabot version: 0.117.0 (api) - DEBUG - POST to endpoint: accounts/login/ returned response: <Response [200]>
2021-06-27 10:53:25,752 - instabot version: 0.117.0 (api) - INFO - Logged-in successfully as 'taniya_verma_143'!
2021-06-27 10:53:25,754 - instabot version: 0.117.0 (api_login) - INFO - LOGIN FLOW! Just logged-in: True
2021-06-27 10:53:26,677 - instabot version: 0.117.0 (api) - DEBUG - POST to endpoint: qe/sync/ returned response: <Response [200]>
2021-06-27 10:53:27,417 - instabot version: 0.117.0 (api) - DEBUG - POST to endpoint: launcher/sync/ returned response: <Response [200]>
2021-06-27 10:53:28,285 - instabot version: 0.117.0 (api) - DEBUG - GET to endpoint: zr/token/result/?device_id=android-483dd0c6a985d9f6&token_hash=&custom_device_id=android-483dd0c6a985d9f6&fetch_reason=token_expired returned response: <Response [200]>
2021-06-27 10:53:29,233 - instabot version: 0.117.0 (api) - DEBUG - GET to endpoint: multiple_accounts/get_account_family/ returned response: <Response [200]>
2021-06-27 10:53:30,192 - instabot version: 0.117.0 (api) - DEBUG - POST to endpoint: qe/sync/ returned response: <Response [200]>
2021-06-27 10:53:31,848 - instabot version: 0.117.0 (api) - DEBUG - GET to endpoint: igtv/browse_feed/?prefetch=1 returned response: <Response [200]>
2021-06-27 10:53:32,618 - instabot version: 0.117.0 (api) - DEBUG - POST to endpoint: creatives/ar_class/ returned response: <Response [200]>
2021-06-27 10:53:35,056 - instabot version: 0.117.0 (api) - DEBUG - POST to endpoint: feed/reels_tray/ returned response: <Response [200]>
2021-06-27 10:53:38,883 - instabot version: 0.117.0 (api) - DEBUG - POST to endpoint: feed/timeline/ returned response: <Response [200]>
2021-06-27 10:53:39,579 - instabot version: 0.117.0 (api) - DEBUG - GET to endpoint: media/blocked/ returned response: <Response [200]>
2021-06-27 10:53:40,888 - instabot version: 0.117.0 (api) - DEBUG - GET to endpoint: news/inbox/ returned response: <Response [200]>
2021-06-27 10:53:41,652 - instabot version: 0.117.0 (api) - DEBUG - GET to endpoint: loom/fetch_config/ returned response: <Response [200]>
2021-06-27 10:53:43,858 - instabot version: 0.117.0 (api) - DEBUG - GET to endpoint: scores/bootstrap/users/?surfaces=["autocomplete_user_list","coefficient_besties_list_ranking","coefficient_rank_recipient_user_suggestion","coefficient_ios_section_test_bootstrap_ranking","coefficient_direct_recipients_ranking_variant_2"] returned response: <Response [200]>
2021-06-27 10:53:44,671 - instabot version: 0.117.0 (api) - DEBUG - GET to endpoint: business/eligibility/get_monetization_products_eligibility_data/?product_types=branded_content returned response: <Response [200]>
2021-06-27 10:53:45,408 - instabot version: 0.117.0 (api) - DEBUG - GET to endpoint: business/branded_content/should_require_professional_account/ returned response: <Response [200]>
2021-06-27 10:53:46,194 - instabot version: 0.117.0 (api) - DEBUG - GET to endpoint: linked_accounts/get_linkage_status/ returned response: <Response [200]>
2021-06-27 10:53:47,158 - instabot version: 0.117.0 (api) - DEBUG - GET to endpoint: locations/request_country/ returned response: <Response [200]>
2021-06-27 10:53:47,834 - instabot version: 0.117.0 (api) - DEBUG - GET to endpoint: qp/get_cooldowns/?signed_body=signed_body=4b9c516a5410a3bc128e09c6104a7f042146b9c2023870560c63a43a7f66781c.4&ig_sig_key_version=4&ig_sig_key_version=4 returned response: <Response [200]>
2021-06-27 10:53:48,700 - instabot version: 0.117.0 (api) - DEBUG - GET to endpoint: users/arlink_download_info/?version_override=2.2.1 returned response: <Response [200]>
2021-06-27 10:53:49,713 - instabot version: 0.117.0 (api) - DEBUG - GET to endpoint: users/48070542859/info/ returned response: <Response [200]>
2021-06-27 10:53:51,001 - instabot version: 0.117.0 (api) - DEBUG - GET to endpoint: direct_v2/get_presence/ returned response: <Response [200]>
2021-06-27 10:53:52,648 - instabot version: 0.117.0 (api) - DEBUG - GET to endpoint: direct_v2/inbox/?visual_message_return_type=unseen&thread_message_limit=10&persistentBadging=true&limit=20 returned response: <Response [200]>
2021-06-27 10:53:53,554 - instabot version: 0.117.0 (api) - DEBUG - GET to endpoint: direct_v2/inbox/?visual_message_return_type=unseen&persistentBadging=true&limit=0 returned response: <Response [200]>
2021-06-27 10:53:56,906 - instabot version: 0.117.0 (api) - DEBUG - GET to endpoint: discover/topical_explore/?is_prefetch=true&omit_cover_media=true&use_sectional_payload=true&timezone_offset=0&session_id=39bcb657-2305-484f-82fb-cc3cd7c2ab66&include_fixed_destinations=true returned response: <Response [200]>
2021-06-27 10:53:57,737 - instabot version: 0.117.0 (api) - DEBUG - POST to endpoint: notifications/badge/ returned response: <Response [200]>
2021-06-27 10:53:58,679 - instabot version: 0.117.0 (api) - DEBUG - POST to endpoint: qp/batch_fetch/ returned response: <Response [200]>
2021-06-27 10:53:58,680 - instabot version: 0.117.0 (bot_checkpoint) - DEBUG - Loading Checkpoint file from: C:\Users\hp\Desktop\Instagram/config/taniya_verma_143.checkpoint
2021-06-27 10:53:59,955 - instabot version: 0.117.0 (api) - DEBUG - GET to endpoint: users/saharsh_solanki_/usernameinfo/ returned response: <Response [200]>
2021-06-27 10:54:00,366 - instabot version: 0.117.0 (bot_direct) - INFO - Going to send 1 messages.
2021-06-27 10:54:02,198 - instabot version: 0.117.0 (api) - DEBUG - POST to endpoint: direct_v2/threads/broadcast/text/ returned response: <Response [200]>
2021-06-27 10:54:03,023 - instabot version: 0.117.0 (api) - DEBUG - GET to endpoint: users/atwal7555/usernameinfo/ returned response: <Response [200]>
2021-06-27 10:54:04,273 - instabot version: 0.117.0 (api) - DEBUG - GET to endpoint: users/47430622394/info/ returned response: <Response [200]>
2021-06-27 10:54:05,415 - instabot version: 0.117.0 (api) - DEBUG - GET to endpoint: friendships/47430622394/followers/?rank_token=48070542859_85bec081-0279-4c86-919b-5b258125eeaa returned response: <Response [200]>
2021-06-27 10:54:06,326 - instabot version: 0.117.0 (api) - DEBUG - GET to endpoint: friendships/47430622394/followers/?rank_token=48070542859_85bec081-0279-4c86-919b-5b258125eeaa&max_id=100 returned response: <Response [200]>
2021-06-27 10:54:06,332 - instabot version: 0.117.0 (bot_follow) - INFO - Going to follow `user_id` 45292918670.
2021-06-27 10:54:09,560 - instabot version: 0.117.0 (api) - DEBUG - GET to endpoint: users/48070542859/info/ returned response: <Response [200]>
2021-06-27 10:54:10,902 - instabot version: 0.117.0 (api) - DEBUG - GET to endpoint: friendships/48070542859/following/?max_id=&ig_sig_key_version=4&rank_token=48070542859_85bec081-0279-4c86-919b-5b258125eeaa returned response: <Response [200]>
2021-06-27 10:54:12,131 - instabot version: 0.117.0 (api) - DEBUG - GET to endpoint: users/45292918670/info/ returned response: <Response [200]>
2021-06-27 10:54:12,132 - instabot version: 0.117.0 (api) - DEBUG - post data: {"user_id": "45292918670", "radio_type": "wifi-none", "device_id": "android-483dd0c6a985d9f6", "_uuid": "85bec081-0279-4c86-919b-5b258125eeaa", "_uid": "48070542859", "_csrftoken": "Y0O25CvAY7FvtK2yaC17hoYT8Kf6ipGl"}
2021-06-27 10:54:13,725 - instabot version: 0.117.0 (api) - DEBUG - POST to endpoint: friendships/create/45292918670/ returned response: <Response [200]>
2021-06-27 10:54:13,725 - instabot version: 0.117.0 (bot_follow) - INFO - Followed `user_id` 45292918670.
2021-06-27 10:54:13,757 - instabot version: 0.117.0 (bot_follow) - INFO - Going to follow `user_id` 46846840668.
2021-06-27 10:54:18,246 - instabot version: 0.117.0 (api) - DEBUG - GET to endpoint: users/46846840668/info/ returned response: <Response [200]>
2021-06-27 10:54:18,320 - instabot version: 0.117.0 (bot_follow) - INFO - Going to follow `user_id` 46846840668.
2021-06-27 10:54:21,267 - instabot version: 0.117.0 (bot_follow) - INFO - Going to follow `user_id` 46846840668.
2021-06-27 10:54:24,945 - instabot version: 0.117.0 (bot_follow) - INFO - Going to follow `user_id` 46846840668.
2021-06-27 10:54:28,344 - instabot version: 0.117.0 (bot_follow) - INFO - Going to follow `user_id` 46846840668.
2021-06-27 10:54:31,529 - instabot version: 0.117.0 (bot_follow) - INFO - Going to follow `user_id` 46846840668.
2021-06-27 10:54:34,155 - instabot version: 0.117.0 (bot_follow) - INFO - Going to follow `user_id` 46846840668.
2021-06-27 10:54:37,198 - instabot version: 0.117.0 (bot_follow) - INFO - Going to follow `user_id` 46846840668.
2021-06-27 10:54:38,918 - instabot version: 0.117.0 (bot_follow) - INFO - Going to follow `user_id` 46846840668.
2021-06-27 10:54:41,301 - instabot version: 0.117.0 (bot_follow) - INFO - Going to follow `user_id` 46846840668.
2021-06-27 10:54:44,411 - instabot version: 0.117.0 (bot_follow) - INFO - Going to follow `user_id` 17686595431.
2021-06-27 10:54:49,571 - instabot version: 0.117.0 (api) - DEBUG - GET to endpoint: users/17686595431/info/ returned response: <Response [200]>
2021-06-27 11:02:23,819 - instabot version: 0.117.0 (api) - DEBUG - post data: {"user_id": "17686595431", "radio_type": "wifi-none", "device_id": "android-483dd0c6a985d9f6", "_uuid": "85bec081-0279-4c86-919b-5b258125eeaa", "_uid": "48070542859", "_csrftoken": "Y0O25CvAY7FvtK2yaC17hoYT8Kf6ipGl"}
2021-06-27 11:02:26,233 - instabot version: 0.117.0 (api) - DEBUG - POST to endpoint: friendships/create/17686595431/ returned response: <Response [200]>
2021-06-27 11:02:26,233 - instabot version: 0.117.0 (bot_follow) - INFO - Followed `user_id` 17686595431.
2021-06-27 11:02:26,334 - instabot version: 0.117.0 (bot_checkpoint) - DEBUG - Saving Checkpoint file to: C:\Users\hp\Desktop\Instagram/config/taniya_verma_143.checkpoint
2021-06-27 11:02:26,422 - instabot version: 0.117.0 (bot) - INFO - Total follows: 2/56
2021-06-27 11:02:26,422 - instabot version: 0.117.0 (bot) - INFO - Total messages: 1/86
2021-06-27 11:02:26,431 - instabot version: 0.117.0 (bot) - INFO - Total requests: 68
