2021-06-23 14:52:19,859 - instabot version: 0.117.0 (bot) - INFO - Instabot version: 0.117.0 Started
2021-06-23 14:52:19,883 - instabot version: 0.117.0 (bot) - DEBUG - Bot imported from C:\Users\hp\AppData\Local\Programs\Python\Python38-32\lib\site-packages\instabot\bot\bot.py
2021-06-23 14:52:19,884 - instabot version: 0.117.0 (api_login) - INFO - Not yet logged in starting: PRE-LOGIN FLOW!
2021-06-23 14:52:21,249 - instabot version: 0.117.0 (api) - DEBUG - POST to endpoint: accounts/get_prefill_candidates/ returned response: <Response [200]>
2021-06-23 14:52:21,815 - instabot version: 0.117.0 (api) - DEBUG - POST to endpoint: qe/sync/ returned response: <Response [200]>
2021-06-23 14:52:22,484 - instabot version: 0.117.0 (api) - DEBUG - POST to endpoint: launcher/sync/ returned response: <Response [200]>
2021-06-23 14:52:23,120 - instabot version: 0.117.0 (api) - DEBUG - POST to endpoint: accounts/contact_point_prefill/ returned response: <Response [200]>
2021-06-23 14:52:25,081 - instabot version: 0.117.0 (api) - DEBUG - POST to endpoint: accounts/login/ returned response: <Response [200]>
2021-06-23 14:52:25,081 - instabot version: 0.117.0 (api) - INFO - Logged-in successfully as 'taniya_verma_143'!
2021-06-23 14:52:25,081 - instabot version: 0.117.0 (api_login) - INFO - LOGIN FLOW! Just logged-in: True
2021-06-23 14:52:25,751 - instabot version: 0.117.0 (api) - DEBUG - POST to endpoint: qe/sync/ returned response: <Response [200]>
2021-06-23 14:52:26,291 - instabot version: 0.117.0 (api) - DEBUG - POST to endpoint: launcher/sync/ returned response: <Response [200]>
2021-06-23 14:52:26,801 - instabot version: 0.117.0 (api) - DEBUG - GET to endpoint: zr/token/result/?device_id=android-483dd0c6a985d9f6&token_hash=&custom_device_id=android-483dd0c6a985d9f6&fetch_reason=token_expired returned response: <Response [200]>
2021-06-23 14:52:27,280 - instabot version: 0.117.0 (api) - DEBUG - GET to endpoint: multiple_accounts/get_account_family/ returned response: <Response [200]>
2021-06-23 14:52:28,108 - instabot version: 0.117.0 (api) - DEBUG - POST to endpoint: qe/sync/ returned response: <Response [200]>
2021-06-23 14:52:28,879 - instabot version: 0.117.0 (api) - DEBUG - GET to endpoint: igtv/browse_feed/?prefetch=1 returned response: <Response [200]>
2021-06-23 14:52:29,430 - instabot version: 0.117.0 (api) - DEBUG - POST to endpoint: creatives/ar_class/ returned response: <Response [200]>
2021-06-23 14:52:30,165 - instabot version: 0.117.0 (api) - DEBUG - POST to endpoint: feed/reels_tray/ returned response: <Response [200]>
2021-06-23 14:52:32,782 - instabot version: 0.117.0 (api) - DEBUG - POST to endpoint: feed/timeline/ returned response: <Response [200]>
2021-06-23 14:52:33,633 - instabot version: 0.117.0 (api) - DEBUG - GET to endpoint: media/blocked/ returned response: <Response [200]>
2021-06-23 14:52:34,650 - instabot version: 0.117.0 (api) - DEBUG - GET to endpoint: news/inbox/ returned response: <Response [200]>
2021-06-23 14:52:35,186 - instabot version: 0.117.0 (api) - DEBUG - GET to endpoint: loom/fetch_config/ returned response: <Response [200]>
2021-06-23 14:52:35,921 - instabot version: 0.117.0 (api) - DEBUG - GET to endpoint: scores/bootstrap/users/?surfaces=["autocomplete_user_list","coefficient_besties_list_ranking","coefficient_rank_recipient_user_suggestion","coefficient_ios_section_test_bootstrap_ranking","coefficient_direct_recipients_ranking_variant_2"] returned response: <Response [200]>
2021-06-23 14:52:36,604 - instabot version: 0.117.0 (api) - DEBUG - GET to endpoint: business/eligibility/get_monetization_products_eligibility_data/?product_types=branded_content returned response: <Response [200]>
2021-06-23 14:52:37,236 - instabot version: 0.117.0 (api) - DEBUG - GET to endpoint: business/branded_content/should_require_professional_account/ returned response: <Response [200]>
2021-06-23 14:52:37,837 - instabot version: 0.117.0 (api) - DEBUG - GET to endpoint: linked_accounts/get_linkage_status/ returned response: <Response [200]>
2021-06-23 14:52:38,479 - instabot version: 0.117.0 (api) - DEBUG - GET to endpoint: locations/request_country/ returned response: <Response [200]>
2021-06-23 14:52:39,114 - instabot version: 0.117.0 (api) - DEBUG - GET to endpoint: qp/get_cooldowns/?signed_body=signed_body=4b9c516a5410a3bc128e09c6104a7f042146b9c2023870560c63a43a7f66781c.4&ig_sig_key_version=4&ig_sig_key_version=4 returned response: <Response [200]>
2021-06-23 14:52:39,762 - instabot version: 0.117.0 (api) - DEBUG - GET to endpoint: users/arlink_download_info/?version_override=2.2.1 returned response: <Response [200]>
2021-06-23 14:52:40,399 - instabot version: 0.117.0 (api) - DEBUG - GET to endpoint: users/48070542859/info/ returned response: <Response [200]>
2021-06-23 14:52:41,389 - instabot version: 0.117.0 (api) - DEBUG - GET to endpoint: direct_v2/get_presence/ returned response: <Response [200]>
2021-06-23 14:52:42,186 - instabot version: 0.117.0 (api) - DEBUG - GET to endpoint: direct_v2/inbox/?visual_message_return_type=unseen&thread_message_limit=10&persistentBadging=true&limit=20 returned response: <Response [200]>
2021-06-23 14:52:42,968 - instabot version: 0.117.0 (api) - DEBUG - GET to endpoint: direct_v2/inbox/?visual_message_return_type=unseen&persistentBadging=true&limit=0 returned response: <Response [200]>
2021-06-23 14:52:43,626 - instabot version: 0.117.0 (api) - DEBUG - GET to endpoint: discover/topical_explore/?is_prefetch=true&omit_cover_media=true&use_sectional_payload=true&timezone_offset=0&session_id=d1fb2cbd-e129-4484-86df-2b1605c4805e&include_fixed_destinations=true returned response: <Response [200]>
2021-06-23 14:52:44,179 - instabot version: 0.117.0 (api) - DEBUG - POST to endpoint: notifications/badge/ returned response: <Response [200]>
2021-06-23 14:52:45,252 - instabot version: 0.117.0 (api) - DEBUG - POST to endpoint: qp/batch_fetch/ returned response: <Response [200]>
2021-06-23 14:52:45,256 - instabot version: 0.117.0 (bot_checkpoint) - DEBUG - Loading Checkpoint file from: C:\Users\hp\Desktop\Instagram/config/taniya_verma_143.checkpoint
2021-06-23 14:52:47,446 - instabot version: 0.117.0 (api) - DEBUG - GET to endpoint: users/saharsh_solanki_/usernameinfo/ returned response: <Response [200]>
2021-06-23 14:52:48,284 - instabot version: 0.117.0 (bot_direct) - INFO - Going to send 1 messages.
2021-06-23 14:52:49,189 - instabot version: 0.117.0 (api) - DEBUG - POST to endpoint: direct_v2/threads/broadcast/text/ returned response: <Response [200]>
2021-06-23 14:52:49,197 - instabot version: 0.117.0 (bot_follow) - INFO - Going to follow `user_id` 4795609101.
2021-06-23 14:52:52,561 - instabot version: 0.117.0 (api) - DEBUG - GET to endpoint: users/48070542859/info/ returned response: <Response [200]>
2021-06-23 14:52:53,183 - instabot version: 0.117.0 (api) - DEBUG - GET to endpoint: friendships/48070542859/following/?max_id=&ig_sig_key_version=4&rank_token=48070542859_811c8f7e-9f2b-4588-bff3-52920cdad6ed returned response: <Response [200]>
2021-06-23 14:52:54,812 - instabot version: 0.117.0 (api) - DEBUG - GET to endpoint: users/4795609101/info/ returned response: <Response [200]>
2021-06-23 14:52:54,816 - instabot version: 0.117.0 (api) - DEBUG - post data: {"user_id": "4795609101", "radio_type": "wifi-none", "device_id": "android-483dd0c6a985d9f6", "_uuid": "811c8f7e-9f2b-4588-bff3-52920cdad6ed", "_uid": "48070542859", "_csrftoken": "j5qblxvBepQR5jTsAdne0xckXjCSDwY7"}
2021-06-23 14:52:56,013 - instabot version: 0.117.0 (api) - DEBUG - POST to endpoint: friendships/create/4795609101/ returned response: <Response [400]>
2021-06-23 14:52:56,013 - instabot version: 0.117.0 (api) - DEBUG - Responsecode indicates error; response content: b'{"message":"feedback_required","spam":true,"feedback_title":"Try Again Later","feedback_message":"We restrict certain activity to protect our community.","feedback_url":"repute/report_problem/instagram_follow_users/?violation_type\\u0026responsible_policy=Ig.Policy.Engagement.TallyCluster.SourceUserAppGap10V1D70","feedback_appeal_label":"Tell us","feedback_ignore_label":"OK","feedback_action":"report_problem","category":"instagram_follow_users","status":"fail"}'
2021-06-23 14:52:56,014 - instabot version: 0.117.0 (api) - ERROR - Request returns 400 error!
2021-06-23 14:52:56,014 - instabot version: 0.117.0 (api) - ERROR - ATTENTION!: `feedback_required`b'We restrict certain activity to protect our community.'
2021-06-23 14:52:56,014 - instabot version: 0.117.0 (bot_follow) - ERROR - `Follow` action has been BLOCKED...!!!
2021-06-23 14:52:56,014 - instabot version: 0.117.0 (bot_follow) - INFO - `Follow` action is going to sleep                         for 1031 seconds.
