2021-06-04 10:03:35,252 - instabot version: 0.117.0 (bot) - INFO - Instabot version: 0.117.0 Started
2021-06-04 10:03:35,258 - instabot version: 0.117.0 (bot) - DEBUG - Bot imported from C:\Users\hp\AppData\Local\Programs\Python\Python38-32\lib\site-packages\instabot\bot\bot.py
2021-06-04 10:03:35,260 - instabot version: 0.117.0 (api_login) - INFO - Not yet logged in starting: PRE-LOGIN FLOW!
2021-06-04 10:03:37,144 - instabot version: 0.117.0 (api) - DEBUG - POST to endpoint: accounts/get_prefill_candidates/ returned response: <Response [200]>
2021-06-04 10:03:37,713 - instabot version: 0.117.0 (api) - DEBUG - POST to endpoint: qe/sync/ returned response: <Response [200]>
2021-06-04 10:03:38,394 - instabot version: 0.117.0 (api) - DEBUG - POST to endpoint: launcher/sync/ returned response: <Response [200]>
2021-06-04 10:03:39,090 - instabot version: 0.117.0 (api) - DEBUG - POST to endpoint: accounts/contact_point_prefill/ returned response: <Response [200]>
2021-06-04 10:03:40,957 - instabot version: 0.117.0 (api) - DEBUG - POST to endpoint: accounts/login/ returned response: <Response [200]>
2021-06-04 10:03:40,957 - instabot version: 0.117.0 (api) - INFO - Logged-in successfully as 'thebattlegroundmobileindia'!
2021-06-04 10:03:40,958 - instabot version: 0.117.0 (api_login) - INFO - LOGIN FLOW! Just logged-in: True
2021-06-04 10:03:41,451 - instabot version: 0.117.0 (api) - DEBUG - POST to endpoint: qe/sync/ returned response: <Response [200]>
2021-06-04 10:03:42,034 - instabot version: 0.117.0 (api) - DEBUG - POST to endpoint: launcher/sync/ returned response: <Response [200]>
2021-06-04 10:03:43,547 - instabot version: 0.117.0 (api) - DEBUG - GET to endpoint: zr/token/result/?device_id=android-af90135e8af84465&token_hash=&custom_device_id=android-af90135e8af84465&fetch_reason=token_expired returned response: <Response [200]>
2021-06-04 10:03:44,062 - instabot version: 0.117.0 (api) - DEBUG - GET to endpoint: multiple_accounts/get_account_family/ returned response: <Response [200]>
2021-06-04 10:03:44,602 - instabot version: 0.117.0 (api) - DEBUG - POST to endpoint: qe/sync/ returned response: <Response [200]>
2021-06-04 10:03:45,479 - instabot version: 0.117.0 (api) - DEBUG - GET to endpoint: igtv/browse_feed/?prefetch=1 returned response: <Response [200]>
2021-06-04 10:03:46,016 - instabot version: 0.117.0 (api) - DEBUG - POST to endpoint: creatives/ar_class/ returned response: <Response [200]>
2021-06-04 10:03:46,661 - instabot version: 0.117.0 (api) - DEBUG - POST to endpoint: feed/reels_tray/ returned response: <Response [200]>
2021-06-04 10:03:49,107 - instabot version: 0.117.0 (api) - DEBUG - POST to endpoint: feed/timeline/ returned response: <Response [200]>
2021-06-04 10:03:49,647 - instabot version: 0.117.0 (api) - DEBUG - GET to endpoint: media/blocked/ returned response: <Response [200]>
2021-06-04 10:03:50,555 - instabot version: 0.117.0 (api) - DEBUG - GET to endpoint: news/inbox/ returned response: <Response [200]>
2021-06-04 10:03:51,129 - instabot version: 0.117.0 (api) - DEBUG - GET to endpoint: loom/fetch_config/ returned response: <Response [200]>
2021-06-04 10:03:51,837 - instabot version: 0.117.0 (api) - DEBUG - GET to endpoint: scores/bootstrap/users/?surfaces=["autocomplete_user_list","coefficient_besties_list_ranking","coefficient_rank_recipient_user_suggestion","coefficient_ios_section_test_bootstrap_ranking","coefficient_direct_recipients_ranking_variant_2"] returned response: <Response [200]>
2021-06-04 10:03:52,398 - instabot version: 0.117.0 (api) - DEBUG - GET to endpoint: business/eligibility/get_monetization_products_eligibility_data/?product_types=branded_content returned response: <Response [200]>
2021-06-04 10:03:52,928 - instabot version: 0.117.0 (api) - DEBUG - GET to endpoint: business/branded_content/should_require_professional_account/ returned response: <Response [200]>
2021-06-04 10:03:53,711 - instabot version: 0.117.0 (api) - DEBUG - GET to endpoint: linked_accounts/get_linkage_status/ returned response: <Response [200]>
2021-06-04 10:03:54,191 - instabot version: 0.117.0 (api) - DEBUG - GET to endpoint: locations/request_country/ returned response: <Response [200]>
2021-06-04 10:03:54,780 - instabot version: 0.117.0 (api) - DEBUG - GET to endpoint: qp/get_cooldowns/?signed_body=signed_body=4b9c516a5410a3bc128e09c6104a7f042146b9c2023870560c63a43a7f66781c.4&ig_sig_key_version=4&ig_sig_key_version=4 returned response: <Response [200]>
2021-06-04 10:03:56,308 - instabot version: 0.117.0 (api) - DEBUG - GET to endpoint: users/arlink_download_info/?version_override=2.2.1 returned response: <Response [200]>
2021-06-04 10:03:56,992 - instabot version: 0.117.0 (api) - DEBUG - GET to endpoint: users/32697756216/info/ returned response: <Response [200]>
2021-06-04 10:03:57,748 - instabot version: 0.117.0 (api) - DEBUG - GET to endpoint: direct_v2/get_presence/ returned response: <Response [200]>
2021-06-04 10:03:58,588 - instabot version: 0.117.0 (api) - DEBUG - GET to endpoint: direct_v2/inbox/?visual_message_return_type=unseen&thread_message_limit=10&persistentBadging=true&limit=20 returned response: <Response [200]>
2021-06-04 10:03:59,177 - instabot version: 0.117.0 (api) - DEBUG - GET to endpoint: direct_v2/inbox/?visual_message_return_type=unseen&persistentBadging=true&limit=0 returned response: <Response [200]>
2021-06-04 10:04:00,950 - instabot version: 0.117.0 (api) - DEBUG - GET to endpoint: discover/topical_explore/?is_prefetch=true&omit_cover_media=true&use_sectional_payload=true&timezone_offset=0&session_id=03f0965b-d9ef-4e06-8cd7-4ecc03c9c9bf&include_fixed_destinations=true returned response: <Response [200]>
2021-06-04 10:04:01,416 - instabot version: 0.117.0 (api) - DEBUG - POST to endpoint: notifications/badge/ returned response: <Response [200]>
2021-06-04 10:04:02,069 - instabot version: 0.117.0 (api) - DEBUG - POST to endpoint: qp/batch_fetch/ returned response: <Response [200]>
2021-06-04 10:04:02,110 - instabot version: 0.117.0 (bot_checkpoint) - DEBUG - Loading Checkpoint file from: C:\Users\hp\Desktop\Instagram/config/thebattlegroundmobileindia.checkpoint
2021-06-04 10:04:02,854 - instabot version: 0.117.0 (api) - DEBUG - GET to endpoint: users/saharsh_solanki_/usernameinfo/ returned response: <Response [200]>
2021-06-04 10:04:03,547 - instabot version: 0.117.0 (bot_direct) - INFO - Going to send 1 messages.
2021-06-04 10:04:06,725 - instabot version: 0.117.0 (api) - DEBUG - POST to endpoint: direct_v2/threads/broadcast/text/ returned response: <Response [200]>
2021-06-04 10:04:07,797 - instabot version: 0.117.0 (api) - DEBUG - GET to endpoint: users/faizu2407/usernameinfo/ returned response: <Response [200]>
2021-06-04 10:04:09,123 - instabot version: 0.117.0 (api) - DEBUG - GET to endpoint: users/44164525475/info/ returned response: <Response [200]>
2021-06-04 10:04:09,762 - instabot version: 0.117.0 (api) - DEBUG - GET to endpoint: friendships/44164525475/followers/?rank_token=32697756216_5470ac22-3346-433a-a2e0-184f137f52a8 returned response: <Response [200]>
2021-06-04 10:04:10,411 - instabot version: 0.117.0 (api) - DEBUG - GET to endpoint: friendships/44164525475/followers/?rank_token=32697756216_5470ac22-3346-433a-a2e0-184f137f52a8&max_id=QVFDWHltcWs3c3ZYUXd3dWNQdVNKVnVQU0ZNZmZaVFZ4MEZqNjJoMm03REtjcExZTXpZeDVHMkFBS01zU1VJMk1qNHNiaHRncmwzRmQtYmQzbHpnTlBVWQ== returned response: <Response [200]>
2021-06-04 10:04:11,014 - instabot version: 0.117.0 (api) - DEBUG - GET to endpoint: friendships/44164525475/followers/?rank_token=32697756216_5470ac22-3346-433a-a2e0-184f137f52a8&max_id=QVFBNG9LWlNEdVJ5cTIzemNRVndGRU9TYXM0SjFoSHEyNzNUeHI2NkhoR2s4Mkg3OURKZktLbzVidHFhY1N2VzdYSGRDdUpiZkQ1YTlTOTFwdkJTMlpEUQ== returned response: <Response [200]>
2021-06-04 10:04:11,666 - instabot version: 0.117.0 (api) - DEBUG - GET to endpoint: friendships/44164525475/followers/?rank_token=32697756216_5470ac22-3346-433a-a2e0-184f137f52a8&max_id=QVFCMFA3aVlJc2FGT1VrN2l5RVp6ZHVDVGQwZTBkbkFjejdYNnA0bW9RVk5KUTNmZDVFWWFGczFxNEc1dlowZHNQVnZNTXpCcHR2LVRxdDU4b2pLZjF1cA== returned response: <Response [200]>
2021-06-04 10:04:12,299 - instabot version: 0.117.0 (api) - DEBUG - GET to endpoint: friendships/44164525475/followers/?rank_token=32697756216_5470ac22-3346-433a-a2e0-184f137f52a8&max_id=QVFBY1lKUWRGak1RQWs4WW1SNm42UGJaTmlqX3luYzZMVW5TNngyR2J2Ui1UdzFyN011T2U2NUZmNUU3RkF3Z2lZUkxRWFJHWk1fYkkxd0xpUFBpRll1Xw== returned response: <Response [200]>
2021-06-04 10:04:12,977 - instabot version: 0.117.0 (api) - DEBUG - GET to endpoint: friendships/44164525475/followers/?rank_token=32697756216_5470ac22-3346-433a-a2e0-184f137f52a8&max_id=QVFDdXZ2OFlSaVlkTlBVZjlkcUc2YXRUOGQwcUkxUl9UbW1iWi0yTDNjMkF5U3lla3ZSbG5NS2RaWDRaSFRsRFkteVpWYm9ES2UxdVFxSmc4bDlCanRJNQ== returned response: <Response [200]>
2021-06-04 10:04:13,652 - instabot version: 0.117.0 (api) - DEBUG - GET to endpoint: friendships/44164525475/followers/?rank_token=32697756216_5470ac22-3346-433a-a2e0-184f137f52a8&max_id=QVFDb1Z1bjZHaFA2LWl3WGtudnFYLU16bDh6bXN1c09mS0lsMndydGloSDVpNjlaRnRpR1JXNG5wekFKZ1k0Wlp3cHk1ZTNTVTR4RDAtOFdoSVQ5NDJxVQ== returned response: <Response [200]>
2021-06-04 10:04:14,227 - instabot version: 0.117.0 (api) - DEBUG - GET to endpoint: friendships/44164525475/followers/?rank_token=32697756216_5470ac22-3346-433a-a2e0-184f137f52a8&max_id=QVFBY2R6M2lXQ1FLd1hCSTBIbGhvWHR6OE9iRmdBRzlxVXlidEkxQ3lwdTFqWlZLLXc1QjE3UmFPX0tZMVJpSHhwOG9sTFJaaGthUnNpdEFzdUFoUFl2Qg== returned response: <Response [200]>
2021-06-04 10:04:14,921 - instabot version: 0.117.0 (api) - DEBUG - GET to endpoint: friendships/44164525475/followers/?rank_token=32697756216_5470ac22-3346-433a-a2e0-184f137f52a8&max_id=QVFEeDQzYUt6SzBzQjB4X2c1LTY1cUlNbUREeDZWQXBkcFhQOHdVakMySVlBNC1qRDhXU0RMV09pU1h0U3E1UHdGUEdia3F6R0xCTFpRNVYxNkIxQ0ROWQ== returned response: <Response [200]>
2021-06-04 10:04:15,704 - instabot version: 0.117.0 (api) - DEBUG - GET to endpoint: friendships/44164525475/followers/?rank_token=32697756216_5470ac22-3346-433a-a2e0-184f137f52a8&max_id=QVFCeUI3alZZM05kNGhUNTJNR1g1VUpFMmVPVFhjeTlUQWN4eDYtNURZNGVvei1MdklWaWRHS1V5TVVKM2NUY2Z0MWVLOTQzRHVtRVdvSFNvMVQ5OTdaeg== returned response: <Response [200]>
2021-06-04 10:04:16,311 - instabot version: 0.117.0 (api) - DEBUG - GET to endpoint: friendships/44164525475/followers/?rank_token=32697756216_5470ac22-3346-433a-a2e0-184f137f52a8&max_id=QVFDRTBEbmh0TmJCU2dyQnMyTkgzR0lnLXcwcG4wX01YejhHT29NNGlfMC1KU0hzTmE5WXY5VjFrVExaQjRfNWdYT0toYm5ZU2xFeXVlOWNraGlIeHV6bg== returned response: <Response [200]>
2021-06-04 10:04:16,965 - instabot version: 0.117.0 (api) - DEBUG - GET to endpoint: friendships/44164525475/followers/?rank_token=32697756216_5470ac22-3346-433a-a2e0-184f137f52a8&max_id=QVFBM1R2aEJucEF6U0RLbTlTU09OUEdVWU1qTWVvMG1qUHN2eFgxb2JZdXZRYjhtdFJzREtPM3NKaTF1Z0N4amhFVXpxUWc5cXlHcXA0b09rU0luSnhxdA== returned response: <Response [200]>
2021-06-04 10:04:17,557 - instabot version: 0.117.0 (api) - DEBUG - GET to endpoint: friendships/44164525475/followers/?rank_token=32697756216_5470ac22-3346-433a-a2e0-184f137f52a8&max_id=QVFESlhKcHUzWHduZlZGaHFjT3ZFZC1GbDBiRlhjQVlzQk9rM2VBN0R4QXhnUDRBQmNEYjgwSzMxbTNITFJPVlctNTZQTHE1aTNWMzY0NGphRFZoUzFmVA== returned response: <Response [200]>
2021-06-04 10:04:18,191 - instabot version: 0.117.0 (api) - DEBUG - GET to endpoint: friendships/44164525475/followers/?rank_token=32697756216_5470ac22-3346-433a-a2e0-184f137f52a8&max_id=QVFDYl9jdDZlMlU2MzlhcHdpSHNEMnJxR2diWXNMUUV1a2JGUEFBb2g5R1kwSk5kYUl6RUlTbWs0WGNJWGEySGVUVUVab3ZvT1dWUUpmTkpWQ2Q0akN1YQ== returned response: <Response [200]>
2021-06-04 10:04:18,842 - instabot version: 0.117.0 (api) - DEBUG - GET to endpoint: friendships/44164525475/followers/?rank_token=32697756216_5470ac22-3346-433a-a2e0-184f137f52a8&max_id=QVFBcGNZckU0cEtmVUVqNkZ2QV9wVDIyekx3ampyYlBQYk1mbTdSVkxJRGduZ2oyVU1XSUc3dzVyUHZ3T3NnejZsR3RJU1Iwb01lcjIya2M4c0N4b09IYw== returned response: <Response [200]>
2021-06-04 10:04:21,120 - instabot version: 0.117.0 (api) - DEBUG - GET to endpoint: friendships/44164525475/followers/?rank_token=32697756216_5470ac22-3346-433a-a2e0-184f137f52a8&max_id=QVFEZVNMdEZLWS16Ri1IcHNrV1c0VmR3ZnFjTXlLb0M1RlktTGNHcVJDa3NXdGtTMnNDNXdZSTZJeWpubjJseExUaUNKeWtvU3ZnN3N3VFozZ2p5LWhKcw== returned response: <Response [200]>
2021-06-04 10:04:21,741 - instabot version: 0.117.0 (api) - DEBUG - GET to endpoint: friendships/44164525475/followers/?rank_token=32697756216_5470ac22-3346-433a-a2e0-184f137f52a8&max_id=QVFEcW5ZT2R5ckI5QmlXX2hhUW40MEtPXy1PMW5aY25iSl9GRzJMZEs4amV6U3d0TzZrS3JxY01WZ3J3V0RPR1lQbFcyOHpQcTJBNklOemlLZ3h2TkpSUQ== returned response: <Response [200]>
2021-06-04 10:04:22,392 - instabot version: 0.117.0 (api) - DEBUG - GET to endpoint: friendships/44164525475/followers/?rank_token=32697756216_5470ac22-3346-433a-a2e0-184f137f52a8&max_id=QVFEMnMwM3VUOFZqc3RIYkpyU05meXh1Zm1JenA3cm9wYXBzSWZITzZXZFptN1lDZklOZGdYX2Vyc0xUbEZmVjVNTVR0M1RULWJKZUpaSl9vSDk0RHV4Qg== returned response: <Response [200]>
2021-06-04 10:04:23,076 - instabot version: 0.117.0 (api) - DEBUG - GET to endpoint: friendships/44164525475/followers/?rank_token=32697756216_5470ac22-3346-433a-a2e0-184f137f52a8&max_id=QVFCN0tTZi1JX0NjSk15dVI1d2lfc0txREZ0RU1kZ3dkdmpzTVhXV3R3RG5aaWU0SmFxZVJQUmRjY1Q1ZFdUYmF2ZWNVQVhQS0xRQ3RKOWY4N2c1dnRiOA== returned response: <Response [200]>
2021-06-04 10:04:23,706 - instabot version: 0.117.0 (api) - DEBUG - GET to endpoint: friendships/44164525475/followers/?rank_token=32697756216_5470ac22-3346-433a-a2e0-184f137f52a8&max_id=QVFELTF1MjQtMTZPWHQ1VE9BeklvSHdSa3NDbjAwWmFPbUk0LWRlUnNjT2Jzb1JSSjZYblhCci1sSzh0dG9odTEwV2FzbUJjcFNlekJtcVpjVUhuY2cxbQ== returned response: <Response [200]>
2021-06-04 10:04:24,366 - instabot version: 0.117.0 (api) - DEBUG - GET to endpoint: friendships/44164525475/followers/?rank_token=32697756216_5470ac22-3346-433a-a2e0-184f137f52a8&max_id=QVFDbnl1cktsdWJIdXRpR2tLd0lSR2NjekZENWI2WWtKaFhOTndybUJqSHo3bzJzLVdORHRKaDlGMFFFUXFGTUkta0p0SW92cUVPLWZORy1FWmFCd29GaQ== returned response: <Response [200]>
2021-06-04 10:04:24,964 - instabot version: 0.117.0 (api) - DEBUG - GET to endpoint: friendships/44164525475/followers/?rank_token=32697756216_5470ac22-3346-433a-a2e0-184f137f52a8&max_id=QVFDR1ZDVmZfUjBwMDlPV2tNTDlSbllnRHhfVWphRkI4MlpFQ2JuZnd6X3lDcEpTZDEtS1VNZmRYVTA3bjJHbjQ4ZXFYTDZTVm1GdHZuUVY2NGZVMW5uTw== returned response: <Response [200]>
2021-06-04 10:04:25,642 - instabot version: 0.117.0 (api) - DEBUG - GET to endpoint: friendships/44164525475/followers/?rank_token=32697756216_5470ac22-3346-433a-a2e0-184f137f52a8&max_id=QVFDYWQ0MUx6Zi1sbEtfdUlwRm43T0p6aXBUZ1l2WDZaWEdCcllkMDdzeG1MTV9hcHVNZUc3RTc3TUNWenE4SndKcWItM285V2YtWmgtVkxwV01xVG9KeQ== returned response: <Response [200]>
2021-06-04 10:04:26,260 - instabot version: 0.117.0 (api) - DEBUG - GET to endpoint: friendships/44164525475/followers/?rank_token=32697756216_5470ac22-3346-433a-a2e0-184f137f52a8&max_id=QVFDaHZ1ZDZ0b0kxaVg5ZWNJRU15TllNWU0zMmlGU0UxTXpoOEVGVTBvVThPRWszcXg2U2lBSFZwVV9kdWN1VXBVaEgtZDhUOTJYenRuQlBWdmtMUDlRcQ== returned response: <Response [200]>
2021-06-04 10:04:26,956 - instabot version: 0.117.0 (api) - DEBUG - GET to endpoint: friendships/44164525475/followers/?rank_token=32697756216_5470ac22-3346-433a-a2e0-184f137f52a8&max_id=QVFCRnM1Y0l4cklzbDdsVmRFQ3RkTlJsX3RXbG8zN3pjSlFMaG1xdUViR2JtaDNCa2g1MWZLVjN0QldYSVp3M0RweU1SVTRocGdTMGxoLUhuMXV3c2FfeQ== returned response: <Response [200]>
2021-06-04 10:04:27,642 - instabot version: 0.117.0 (api) - DEBUG - GET to endpoint: friendships/44164525475/followers/?rank_token=32697756216_5470ac22-3346-433a-a2e0-184f137f52a8&max_id=QVFDVVk2a01ZZER1LUFJRXJackx6ZlFNSkRuU0ljanZSSjk3WlRUclNPVDNPTkZoSS1qSnRpLTAyaWVHTFBEOGh2OElPNkh3aU8ybVhPT0U4QnE0VHlEQg== returned response: <Response [200]>
2021-06-04 10:04:28,283 - instabot version: 0.117.0 (api) - DEBUG - GET to endpoint: friendships/44164525475/followers/?rank_token=32697756216_5470ac22-3346-433a-a2e0-184f137f52a8&max_id=QVFDLXZrQUFuTXhuOEd5Z2pFdTJGUWlvb21DMHZFY3VFeDlUZmlBNDBBT0t2NHZiWEM3WjdTbmRqM0d5Q3hrQ2hpQzE4RWFGSFFzbDRGa2pveC1rUGxmYQ== returned response: <Response [200]>
2021-06-04 10:04:28,916 - instabot version: 0.117.0 (api) - DEBUG - GET to endpoint: friendships/44164525475/followers/?rank_token=32697756216_5470ac22-3346-433a-a2e0-184f137f52a8&max_id=QVFEekxacGxaMjktRmRMZUNWanpRVk94a2dtaXZ3SW93N0JKaTB6NFotZHVNRE40NUJNRXdBUmdQWjRuNG5adFZxTEttWFRFWGZRLWNzZDhmN1R1d09pNA== returned response: <Response [200]>
2021-06-04 10:04:29,598 - instabot version: 0.117.0 (api) - DEBUG - GET to endpoint: friendships/44164525475/followers/?rank_token=32697756216_5470ac22-3346-433a-a2e0-184f137f52a8&max_id=QVFDMVhsa25rTzNma2pQbEtZQ1Jjd281T1ViTWRnRGZCX3lyVmxKZFZ4ZG1zRi1CQ2tRMnVmOE91SUJ0UTQzUmV5c0haaTh5aEMxNFRJZ2lRa0tGd2NDQw== returned response: <Response [200]>
2021-06-04 10:04:30,301 - instabot version: 0.117.0 (api) - DEBUG - GET to endpoint: friendships/44164525475/followers/?rank_token=32697756216_5470ac22-3346-433a-a2e0-184f137f52a8&max_id=QVFCemYyWWlVZ3RHQ2NOYnR4QmEtd09QaDJ4Slk0blZma3lUX3ZyM3o4VW51MEFHbnF0aDQzOUNKNmluYW0yTkNnbG5BcjhfZjZ1X3Y1eFFweXdtNHVvSA== returned response: <Response [200]>
2021-06-04 10:04:30,929 - instabot version: 0.117.0 (api) - DEBUG - GET to endpoint: friendships/44164525475/followers/?rank_token=32697756216_5470ac22-3346-433a-a2e0-184f137f52a8&max_id=QVFEZk0zcWZ1VGhaZ3RLQ3dnellmRmhTU1Rlc215WVR6bnoxZERONGkwbXFLNnBLSDl0WGFfR0t3U2NxMHhMYVR0NkFWQTBFMnVrUDFRVVN4SnRoS1BoRg== returned response: <Response [200]>
2021-06-04 10:04:31,612 - instabot version: 0.117.0 (api) - DEBUG - GET to endpoint: friendships/44164525475/followers/?rank_token=32697756216_5470ac22-3346-433a-a2e0-184f137f52a8&max_id=QVFEaERuaHdOdTdVWE1xTzdlSnM3WHJjWElZZFR4djhZYl92WnN1Tkl0TE1ZeDE5TGVGY3diR2NxZGlZNVJkSllCUUJHcUcxd29yWXRLRmppSUsybmktTQ== returned response: <Response [200]>
2021-06-04 10:04:32,317 - instabot version: 0.117.0 (api) - DEBUG - GET to endpoint: friendships/44164525475/followers/?rank_token=32697756216_5470ac22-3346-433a-a2e0-184f137f52a8&max_id=QVFBcGJ2cHprN0Nya3hfYkZ3NWFGcUNneUhUWnNjaER3SmNuU1FROUFjNHJ6TnhMU2FrSG56TTYwdl9Ra2JxWmVRUm5BQUJxbGRndlBYVUY1MldHOWRhMA== returned response: <Response [200]>
2021-06-04 10:04:32,934 - instabot version: 0.117.0 (api) - DEBUG - GET to endpoint: friendships/44164525475/followers/?rank_token=32697756216_5470ac22-3346-433a-a2e0-184f137f52a8&max_id=QVFDUkZFMXlESmlGSjRaTVNocEw0VWpuX0d3Y1VjVVdSMkJlcy1DOTZJU3V1QzdYT2c4RzRDOHJEMThJRmFOSGJQZl91QzgwdXFnXzB1eHJfS0xZYjU3OQ== returned response: <Response [200]>
2021-06-04 10:04:33,525 - instabot version: 0.117.0 (api) - DEBUG - GET to endpoint: friendships/44164525475/followers/?rank_token=32697756216_5470ac22-3346-433a-a2e0-184f137f52a8&max_id=QVFDbmtpVlFOX1dfdUtheU55MUpOeHNpQjZaQ2J0ZjJ0N2FhNG56ajJDSkwxTXUtbFNXOTRZaF9fZEZteElCcTZ6YW5GSmd1MUhZemtqcU9GRTZPa0V4dQ== returned response: <Response [200]>
2021-06-04 10:04:34,135 - instabot version: 0.117.0 (api) - DEBUG - GET to endpoint: friendships/44164525475/followers/?rank_token=32697756216_5470ac22-3346-433a-a2e0-184f137f52a8&max_id=QVFBZ0U1QzVZWVY5UXM0cERFbnJWcDlYREFtV0RfNHJ6a2lRWndvVG9JMjhoRGU1NlZHc1d0WV9IMURnc3A5QkxLTHdZS3dOemc4d1B4UTdYTG0zRkFkZg== returned response: <Response [200]>
2021-06-04 10:04:34,815 - instabot version: 0.117.0 (api) - DEBUG - GET to endpoint: friendships/44164525475/followers/?rank_token=32697756216_5470ac22-3346-433a-a2e0-184f137f52a8&max_id=QVFDNThKTG1GVk03OFpfNjkwdFRVLTcyUm5kczkxWXpKS2xMTFhIX2RLWXpheWVCNWd6TnMyNWlVLVN4QVdJRmhPbGxHbjRQMHZBNTEtRU5HS0RLZlZHVg== returned response: <Response [200]>
2021-06-04 10:04:35,451 - instabot version: 0.117.0 (api) - DEBUG - GET to endpoint: friendships/44164525475/followers/?rank_token=32697756216_5470ac22-3346-433a-a2e0-184f137f52a8&max_id=QVFBWVZ0VXJGZnVPSUo4eWt5d1J6alRMNVppVG1wcms5NlBmbXlXTXYtMVJWMzl0MmoxeU0xeGJ0UnpKOXM0dm5fVldLaEVYWWV1d0E3ci1tdmtOT2NtbA== returned response: <Response [200]>
2021-06-04 10:04:36,130 - instabot version: 0.117.0 (api) - DEBUG - GET to endpoint: friendships/44164525475/followers/?rank_token=32697756216_5470ac22-3346-433a-a2e0-184f137f52a8&max_id=QVFDZWVZQlFSLS1aRTEwQmhsR3FuUS1aSzVWVmNmLTBwd0V5YUVKZXVVUGNpWXVCNmUzcjRXOTRlamZUaXdMVlFSVGZKOERPQk9vU0FWUlh4dE9PYXhwdg== returned response: <Response [200]>
2021-06-04 10:04:36,757 - instabot version: 0.117.0 (api) - DEBUG - GET to endpoint: friendships/44164525475/followers/?rank_token=32697756216_5470ac22-3346-433a-a2e0-184f137f52a8&max_id=QVFEbHlPMmJad1BBT2t1NjdYOEFmUjZCTmlJdDdmSHQyek5jS21Sa3ZXQWxWQ0NBM1RGc3U2NnY1akxhSW9Sc2xHbU02cEJMb3AwN3c3VW54VEpUNDZXQg== returned response: <Response [200]>
2021-06-04 10:04:37,347 - instabot version: 0.117.0 (api) - DEBUG - GET to endpoint: friendships/44164525475/followers/?rank_token=32697756216_5470ac22-3346-433a-a2e0-184f137f52a8&max_id=QVFEQ0RTSTlnQmdJSDFGRHphVERKR2x2YlN3ZjdFZGJyQ2hucE0ydVV4bDhXSExLeF9sbllVT0ZLc1NxSHFDWndIcnBWYXJXOU9vbGN3Tmg3T1hfUFJaYQ== returned response: <Response [200]>
2021-06-04 10:04:37,962 - instabot version: 0.117.0 (api) - DEBUG - GET to endpoint: friendships/44164525475/followers/?rank_token=32697756216_5470ac22-3346-433a-a2e0-184f137f52a8&max_id=QVFDN0pDRlZDNnZkMHJfQjhfYnNuNWpFVThvQnA5VWp3cjBjSXM3TzZocTgtd1dQSEhWMk9LdXRSS2RZcHhqeU1waGdMRDNNT0pRNmRPMkJBeHFJa1VYbA== returned response: <Response [200]>
2021-06-04 10:04:38,601 - instabot version: 0.117.0 (api) - DEBUG - GET to endpoint: friendships/44164525475/followers/?rank_token=32697756216_5470ac22-3346-433a-a2e0-184f137f52a8&max_id=QVFCMTh5VTZqWHpTV2k1UU5jOTFXU2x0RHRfQ0Fzc1lGT2dLOG56N3pGYmJsVzd4cklRSmdNV3p5cnQ1SmpWV1ZYeU96alh6Z1ZBYjlxNDFZMVdlSnNRbg== returned response: <Response [200]>
2021-06-04 10:04:39,190 - instabot version: 0.117.0 (api) - DEBUG - GET to endpoint: friendships/44164525475/followers/?rank_token=32697756216_5470ac22-3346-433a-a2e0-184f137f52a8&max_id=QVFBRE1ma1BYTjlGeGp6c09YNDFkYk9JaXktTUpFTm9kbjFlMmU0VzdsaDJMRFdjaWg1ZHVLQmQ2c3pIWVd1QWdicXQtdTJoUy0wcjFDLU5HNkdUS2J2bQ== returned response: <Response [200]>
2021-06-04 10:04:41,996 - instabot version: 0.117.0 (api) - DEBUG - GET to endpoint: friendships/44164525475/followers/?rank_token=32697756216_5470ac22-3346-433a-a2e0-184f137f52a8&max_id=QVFDT05HQlYwd3M2c3R3bW5sYnlKUjMxeG1aSDlkTVFFOUgyeTR1azRpNWd5aWs2S0dYZHVHeUVocGFyRE9rWmxMNDhHdjBDQ25zYS0xYlpOcjAtUjF2Mw== returned response: <Response [200]>
2021-06-04 10:04:42,659 - instabot version: 0.117.0 (api) - DEBUG - GET to endpoint: friendships/44164525475/followers/?rank_token=32697756216_5470ac22-3346-433a-a2e0-184f137f52a8&max_id=QVFEZi1Va2F3LXYxYzRrYWpfWGg3STdBRUJtSXg5ZW9NQ3FzY2M3MlV1bmFtUjBsTTFobll4TVdXX0xsYnY5c1hZQTItTlJ1THFpbEdOdEtzRFUyMlhvNQ== returned response: <Response [200]>
2021-06-04 10:04:43,313 - instabot version: 0.117.0 (api) - DEBUG - GET to endpoint: friendships/44164525475/followers/?rank_token=32697756216_5470ac22-3346-433a-a2e0-184f137f52a8&max_id=QVFDRG5QVXVqbW5rNW5WWHN3TFJ2MVZTVEV2TVcyNlEwOUR6blZyV2NMUkxid080QzAxTG9fTV9XVHZzSVNwWXZLUjRZcGdkclBwZ3NKLU1zU01uYlZjTw== returned response: <Response [200]>
2021-06-04 10:04:43,981 - instabot version: 0.117.0 (api) - DEBUG - GET to endpoint: friendships/44164525475/followers/?rank_token=32697756216_5470ac22-3346-433a-a2e0-184f137f52a8&max_id=QVFDUkFZanNIYXc3REdBRW4zaXh6UkpXUTdaLXBnTWJUX1RMY2NuUXhuRVlQRWpoaHEwX2dfRGwtNnlHLW1UTEYzcEVYbHZEQVVHWHVTS2E2MXd6OG5idw== returned response: <Response [200]>
2021-06-04 10:04:44,633 - instabot version: 0.117.0 (api) - DEBUG - GET to endpoint: friendships/44164525475/followers/?rank_token=32697756216_5470ac22-3346-433a-a2e0-184f137f52a8&max_id=QVFBNGdZYjlrRTNYYlh0LW51Y0tfdEtHYmNCZ0wxX3pVU2Q5VVNXYXNaRllCQUwxcWpVRXpYQ1NiRS1QbnRuRl9IbGhrZEF4b3p5c1U5Y2FzRklDQXJESA== returned response: <Response [200]>
2021-06-04 10:04:45,214 - instabot version: 0.117.0 (api) - DEBUG - GET to endpoint: friendships/44164525475/followers/?rank_token=32697756216_5470ac22-3346-433a-a2e0-184f137f52a8&max_id=QVFETzBKRnYxTWh3MUlVTVJ4bTFQLURjODVsTFloNlJ6X044T25yaWFNclBLWEtpc05aTm5nQ0VuU0NYS2ZiU1hMemZNY3NRRkRkTlMyZ3preUktaU83Mw== returned response: <Response [200]>
2021-06-04 10:04:45,823 - instabot version: 0.117.0 (api) - DEBUG - GET to endpoint: friendships/44164525475/followers/?rank_token=32697756216_5470ac22-3346-433a-a2e0-184f137f52a8&max_id=QVFBVV9OdTRFZ2phcFpsc2JEMnFzcG01TEFGWFZGZEtHTHZQbFBHOEFOMTF5emhxcmJuQnUzeFJ4dE5pMEdqdGgtd2tZcjJWaUF6QzZxRkkzOVBBMnVlOQ== returned response: <Response [200]>
2021-06-04 10:04:46,450 - instabot version: 0.117.0 (api) - DEBUG - GET to endpoint: friendships/44164525475/followers/?rank_token=32697756216_5470ac22-3346-433a-a2e0-184f137f52a8&max_id=QVFBcjQ4b282SUdOYTEzSFJLMTFabkNTTTduaG5xUW94NWh6Qk9RRGIwR18xUXNXekJrRzMzTUgzR29CVG9VczlQQ2tzRm1fT19Zd0ZPNzM5NlctaGRPZw== returned response: <Response [200]>
2021-06-04 10:04:47,027 - instabot version: 0.117.0 (api) - DEBUG - GET to endpoint: friendships/44164525475/followers/?rank_token=32697756216_5470ac22-3346-433a-a2e0-184f137f52a8&max_id=QVFBX2pDUHRUMzMtdjB2bGdoSTdQb205cjBvTWxKdTBXX0RNLXhQMDlyY09wMGpxUTdJNlBoY1J3X2QzZE1MNUlHb3g5UDV5UThpcUlpMmRlZEJzenpZcg== returned response: <Response [200]>
2021-06-04 10:04:47,729 - instabot version: 0.117.0 (api) - DEBUG - GET to endpoint: friendships/44164525475/followers/?rank_token=32697756216_5470ac22-3346-433a-a2e0-184f137f52a8&max_id=QVFBc05SZnhSZTB0THY3TXJoaWlUeEdhSFVGQkZ4RzdTcVJ0UlJqSGdGcld4dUNFZ3FpMmFBbTBrZlZaRURDYkZfSm1Mam5CWGhHYUFYRGFpVDdIVjh3eQ== returned response: <Response [200]>
2021-06-04 10:04:48,480 - instabot version: 0.117.0 (api) - DEBUG - GET to endpoint: friendships/44164525475/followers/?rank_token=32697756216_5470ac22-3346-433a-a2e0-184f137f52a8&max_id=QVFBbFBHWlhRNVA1U2VXQUhOS0xlT1dvdllqNVpsUHdvc1ZPVGtJbGh0ODVReEhvU0lqdFFwUzNQb1FQcExZSTVOS1VyQVM2dVhKUVFmOXlvY2hfLTdTbg== returned response: <Response [200]>
2021-06-04 10:04:49,245 - instabot version: 0.117.0 (api) - DEBUG - GET to endpoint: friendships/44164525475/followers/?rank_token=32697756216_5470ac22-3346-433a-a2e0-184f137f52a8&max_id=QVFEUldTMFlEVkZQdjY3UUtsdThNWTQ5bGhyM2Nxdl81bDVxdmpwQkl3Y0RpN2dmTDFLS043U1k0eEd3aEh0clZzYmk4ZXlRU09LdTNZZWc4MVpXZWJEeQ== returned response: <Response [200]>
2021-06-04 10:04:49,925 - instabot version: 0.117.0 (api) - DEBUG - GET to endpoint: friendships/44164525475/followers/?rank_token=32697756216_5470ac22-3346-433a-a2e0-184f137f52a8&max_id=QVFBdGk2WGpMbnktby15U0tyUmtSYTlQUl9NU1g2eDZDc1Fid3hrWDRyWXIwOXZZZjFaclpJZzE5RXhBRWlNZ0k2NG9pN012M0NyUWg4TnRDM2FES190UQ== returned response: <Response [200]>
2021-06-04 10:04:50,595 - instabot version: 0.117.0 (api) - DEBUG - GET to endpoint: friendships/44164525475/followers/?rank_token=32697756216_5470ac22-3346-433a-a2e0-184f137f52a8&max_id=QVFEdDBZemhJVUlLeWxqWUtoZEc1YzAyelhHbmtNbW14cG9YeHNWLTJ2b1hFODhEc25PRjFRdEtSTG5YdDZxazRHMl9WQVNpYlV6QVhKQ2NHN1FJQk0tbQ== returned response: <Response [200]>
2021-06-04 10:04:51,290 - instabot version: 0.117.0 (api) - DEBUG - GET to endpoint: friendships/44164525475/followers/?rank_token=32697756216_5470ac22-3346-433a-a2e0-184f137f52a8&max_id=QVFCbW9FbDhLRDhicEdIRmhNTFlRb2hRdVR1bHdKeTFHMEZLeTQ3UzdGQ2NSSFZlV0tldXNXSmxiUVQ1MjJjY29aRXQwZjVmZ1VhSzYyNUFLTFBUbS1mVQ== returned response: <Response [200]>
2021-06-04 10:04:51,951 - instabot version: 0.117.0 (api) - DEBUG - GET to endpoint: friendships/44164525475/followers/?rank_token=32697756216_5470ac22-3346-433a-a2e0-184f137f52a8&max_id=QVFCdTNSVEYwZkdaUzJkUDJqMFFoWVp5a1d6WjEzR3R6UUJNT0Z3QkN5Z2Z5b2lyMzBBMUVlUUUxck5zeUhadnZIZGFQQ25uY2tVR3FZWU5EX203eXJTOQ== returned response: <Response [200]>
2021-06-04 10:04:52,688 - instabot version: 0.117.0 (api) - DEBUG - GET to endpoint: friendships/44164525475/followers/?rank_token=32697756216_5470ac22-3346-433a-a2e0-184f137f52a8&max_id=QVFBckFsb2NUMjRGem4xY3JXQ0xQNUEtUG5iOThQOEx4aWt2Zmd1UWZ4dG9KRlB5ZlQ3N3FXNFlrQzhsekQxdnIwdXMwWUgxQnJ5QkNZWjljTUZzU0NMMw== returned response: <Response [200]>
2021-06-04 10:04:53,330 - instabot version: 0.117.0 (api) - DEBUG - GET to endpoint: friendships/44164525475/followers/?rank_token=32697756216_5470ac22-3346-433a-a2e0-184f137f52a8&max_id=QVFENUpFeDNsSkdCR3M5eEljRURpRHZXNW1MSW1tNGRSakYwajBZX2drakpRZTlVM3FpWFBVaGdMV0Nyd1dGbXpfSGg4ZGpRalZGOHYzMHo0Qmo0LU9QdQ== returned response: <Response [200]>
2021-06-04 10:04:53,994 - instabot version: 0.117.0 (api) - DEBUG - GET to endpoint: friendships/44164525475/followers/?rank_token=32697756216_5470ac22-3346-433a-a2e0-184f137f52a8&max_id=QVFCVXlUVEdlQ2RRaFVXNWVIY3BjYWRubFRhUmdHTmxXVUZNQlJlS0J5dFh6Z3BudHhlNldqLTVKd0dScmNIcXhLWmhuQ1JMMDFLdGRQazhZR2FWNE1vbw== returned response: <Response [200]>
2021-06-04 10:04:54,640 - instabot version: 0.117.0 (api) - DEBUG - GET to endpoint: friendships/44164525475/followers/?rank_token=32697756216_5470ac22-3346-433a-a2e0-184f137f52a8&max_id=QVFEV1ZvUmJiSEhWbU90VTRjb3ZCdWlpOWxSMTlHRU5icnJibU5RVEZUdDZlZlkwSkhFRnBoTDhyMVJJUW03d0E3dzNud1NlellqM1BBYWQyWVBUOEJNMQ== returned response: <Response [200]>
2021-06-04 10:04:55,270 - instabot version: 0.117.0 (api) - DEBUG - GET to endpoint: friendships/44164525475/followers/?rank_token=32697756216_5470ac22-3346-433a-a2e0-184f137f52a8&max_id=QVFCNjhuX2lHS2ZDSWJhLUoxWG1oMWtIb3JxaktUYUN3Tkt3WlFxSFdkZWR6LUJMVTN5bUhjZVpYS1ZrSmxjYzVtRmtka1FISkMzbjkyeFQzbERucm9VNw== returned response: <Response [200]>
2021-06-04 10:04:55,917 - instabot version: 0.117.0 (api) - DEBUG - GET to endpoint: friendships/44164525475/followers/?rank_token=32697756216_5470ac22-3346-433a-a2e0-184f137f52a8&max_id=QVFBV3FOOHV2Nnhhb1RfdnZuN1NOMzRvY002T3dvdGdUbFpEaUtoSXBBRmpqMXhnOWhDTU9oT2Q3aG9ibi1fZWFEM0VxZE1IRE9mQWVCN0ZybUhMSmZtXw== returned response: <Response [200]>
2021-06-04 10:04:56,587 - instabot version: 0.117.0 (api) - DEBUG - GET to endpoint: friendships/44164525475/followers/?rank_token=32697756216_5470ac22-3346-433a-a2e0-184f137f52a8&max_id=QVFBbUdWQXY3YUp6M1F1NGFMak1WcHNiYy1fLU9BN2RYcW9JYjdJWEFvLUxNSHhPQWk2bF9STUVCd1BaZ1lDSU5FbGtiUjZPQkkyajJWVUFTQXBGekFQcQ== returned response: <Response [200]>
2021-06-04 10:04:57,182 - instabot version: 0.117.0 (api) - DEBUG - GET to endpoint: friendships/44164525475/followers/?rank_token=32697756216_5470ac22-3346-433a-a2e0-184f137f52a8&max_id=QVFDNnZmTk84cFNxcDZhWF9NWXNKTE5xb2hJcmkzTkpWcGtleks0QXVJRXN5dF8xdV80Q1JYZE5hR055TWNOMXFBVUd0MXN1bFpJbEItOU5kc1U2R0taUA== returned response: <Response [200]>
2021-06-04 10:04:57,777 - instabot version: 0.117.0 (api) - DEBUG - GET to endpoint: friendships/44164525475/followers/?rank_token=32697756216_5470ac22-3346-433a-a2e0-184f137f52a8&max_id=QVFDM0RvaHltSDJTUGZBYjVWYzRoUmZaeGVUOVFTRVc5YW5LcnA5UVJ4UDMxYTdZU1FnU01MNHdIU2F6QTNQZko1Vmw3eWpVWFRlQVgtM0FKN0NSSjZsbw== returned response: <Response [200]>
2021-06-04 10:04:58,395 - instabot version: 0.117.0 (api) - DEBUG - GET to endpoint: friendships/44164525475/followers/?rank_token=32697756216_5470ac22-3346-433a-a2e0-184f137f52a8&max_id=QVFEU2t1X3J0ZFJUU2FtVURzWWNsVnRPSWIwNHdIQ09DYzdtWTluUHU3d2JBbkZGenlmQ01yODBXa3YwZ01oYU15TUtiajRhSEdmUnBnSjlTd1FHZm5XRg== returned response: <Response [200]>
2021-06-04 10:04:59,089 - instabot version: 0.117.0 (api) - DEBUG - GET to endpoint: friendships/44164525475/followers/?rank_token=32697756216_5470ac22-3346-433a-a2e0-184f137f52a8&max_id=QVFCSTNnMHBZN2piQzY0UEZJVldZVEhnRDBXUFJLUUdRcXE0cGx5eWsxdTFFdEhPTE1LVWFadVZCQkt6aHlGMGRPZkNreUhNajJNQjVWZ1o4ejgweTRERg== returned response: <Response [200]>
2021-06-04 10:04:59,666 - instabot version: 0.117.0 (api) - DEBUG - GET to endpoint: friendships/44164525475/followers/?rank_token=32697756216_5470ac22-3346-433a-a2e0-184f137f52a8&max_id=QVFBSXhTdGY2Q0xlLWdRemFuZkVEbTVrOVZlamo4WGJWajhCZXkzVUljUUU1NGFJTEhmU0FQYWZaT0UtaEVjTjZfNEVQRVFWWEZDczZHemhiR2pVLUVCdA== returned response: <Response [200]>
2021-06-04 10:05:00,431 - instabot version: 0.117.0 (api) - DEBUG - GET to endpoint: friendships/44164525475/followers/?rank_token=32697756216_5470ac22-3346-433a-a2e0-184f137f52a8&max_id=QVFCbW9EN1JKa084VmxzZi1PZXJ6dFVYaVJLbXpEMDlTaWRzRGlVUTk3VVdwWkN5VWNpc1ZQeFBHZFFuWV9wTFk4ZEN1M2lpazBHSUJEOTFNME1vRHJSNw== returned response: <Response [200]>
2021-06-04 10:05:01,235 - instabot version: 0.117.0 (api) - DEBUG - GET to endpoint: friendships/44164525475/followers/?rank_token=32697756216_5470ac22-3346-433a-a2e0-184f137f52a8&max_id=QVFCQWNJeUc3dUxyWTNJNTh4RkJSdzh2ODl2ZmhsUnE3a2lLZ1JuR05JQnAwWFBVRVJYejBXbEg3aVFVbWRNd3NWOWNjY0J2VmJac21GNmVXek9hY3lZdQ== returned response: <Response [200]>
2021-06-04 10:05:01,828 - instabot version: 0.117.0 (api) - DEBUG - GET to endpoint: friendships/44164525475/followers/?rank_token=32697756216_5470ac22-3346-433a-a2e0-184f137f52a8&max_id=QVFBNHJ0NWlodWZmd2M2dUR6UU10Nl9MUklqLWcwb2doOUZtbEd4MUZIc3cxNzVVQ1FxRV9HLUoxMURwS05DRGlYaEc3MmtudWRXWmRFSEFINHhkMTRYVw== returned response: <Response [200]>
2021-06-04 10:05:02,513 - instabot version: 0.117.0 (api) - DEBUG - GET to endpoint: friendships/44164525475/followers/?rank_token=32697756216_5470ac22-3346-433a-a2e0-184f137f52a8&max_id=QVFDNWdMTmF6aS1jVnlid2pJM1NXYzZSYTE0UVc5RXk0MVJxcUhpSzMzdzVpekhXSThKXy1lY0EzYnE2ZXB3YkJHS1oyeXBxY0JrUG53ZTNvaFZIVk4yVg== returned response: <Response [200]>
2021-06-04 10:05:03,174 - instabot version: 0.117.0 (api) - DEBUG - GET to endpoint: friendships/44164525475/followers/?rank_token=32697756216_5470ac22-3346-433a-a2e0-184f137f52a8&max_id=QVFBcEtzM2JpeGtRbUtiNFRoLW13WnlUbW5YSjZCYzhXQVNBZXZ3OFF1QzRpanZnZnpKbThDbjhuUVhINlFyV1hvN3BncXF6dHBJcUpSamVpRjBXQXNOdA== returned response: <Response [200]>
2021-06-04 10:05:03,883 - instabot version: 0.117.0 (api) - DEBUG - GET to endpoint: friendships/44164525475/followers/?rank_token=32697756216_5470ac22-3346-433a-a2e0-184f137f52a8&max_id=QVFEME1tS1RtZV94cU42U0NYUk9KZ0dNeUR4ZDNmTGYtTWZyZS1XRmtyZWVpWE9XS1RjS3FlOXNadUhmbHdTNTFrUzJrdEc3UEh2cUxhamdETklNSTVMRQ== returned response: <Response [200]>
2021-06-04 10:05:04,524 - instabot version: 0.117.0 (api) - DEBUG - GET to endpoint: friendships/44164525475/followers/?rank_token=32697756216_5470ac22-3346-433a-a2e0-184f137f52a8&max_id=QVFDcnFkNUF6bEFPd3VtWUlwZGRRRE1ZV1RUZ21DZzdTVWVmcTZjMFBhTlJEeF9QYkhxMmFqV05XUmthSTdMeXhRSWpJODFxX0ZVenp5QmFOck9jN1FLZg== returned response: <Response [200]>
2021-06-04 10:05:05,709 - instabot version: 0.117.0 (api) - DEBUG - GET to endpoint: friendships/44164525475/followers/?rank_token=32697756216_5470ac22-3346-433a-a2e0-184f137f52a8&max_id=QVFEMUtTVFpuNlgyV1pYSnNxbDE4S214OVJ0VENVeklzNkhxdi1qSnAtb1BVLVdTNkszOXltRHRUcDNXSXRZWm51VHUzZndXcVgyZUUtU3JhQjJtTE5sRQ== returned response: <Response [200]>
2021-06-04 10:05:06,389 - instabot version: 0.117.0 (api) - DEBUG - GET to endpoint: users/25144459971/info/ returned response: <Response [200]>
2021-06-04 10:05:06,389 - instabot version: 0.117.0 (bot_follow) - INFO - Going to follow `user_id` 25144459971.
2021-06-04 10:05:10,115 - instabot version: 0.117.0 (api) - DEBUG - GET to endpoint: users/32697756216/info/ returned response: <Response [200]>
2021-06-04 10:05:10,734 - instabot version: 0.117.0 (api) - DEBUG - GET to endpoint: friendships/32697756216/following/?max_id=&ig_sig_key_version=4&rank_token=32697756216_5470ac22-3346-433a-a2e0-184f137f52a8 returned response: <Response [200]>
2021-06-04 10:05:15,773 - instabot version: 0.117.0 (bot_direct) - INFO - Going to send 1 messages.
2021-06-04 10:12:58,560 - instabot version: 0.117.0 (api) - DEBUG - POST to endpoint: direct_v2/threads/broadcast/link/ returned response: <Response [200]>
2021-06-04 10:12:59,599 - instabot version: 0.117.0 (api) - DEBUG - GET to endpoint: feed/user/25144459971/?max_id=&min_timestamp=None&rank_token=32697756216_5470ac22-3346-433a-a2e0-184f137f52a8&ranked_content=true returned response: <Response [200]>
2021-06-04 10:12:59,605 - instabot version: 0.117.0 (bot_filter) - INFO - Received 18 medias.
2021-06-04 10:12:59,605 - instabot version: 0.117.0 (bot_filter) - INFO - After filtration 18 medias left.
2021-06-04 10:13:03,301 - instabot version: 0.117.0 (api) - DEBUG - GET to endpoint: media/2584186756166611674_25144459971/info/ returned response: <Response [200]>
2021-06-04 10:13:03,952 - instabot version: 0.117.0 (api) - DEBUG - GET to endpoint: media/2584186756166611674_25144459971/info/ returned response: <Response [200]>
2021-06-04 10:13:04,647 - instabot version: 0.117.0 (api) - DEBUG - GET to endpoint: media/2584186756166611674_25144459971/comments/ returned response: <Response [200]>
2021-06-04 10:13:05,387 - instabot version: 0.117.0 (api) - DEBUG - GET to endpoint: media/2584186756166611674_25144459971/info/ returned response: <Response [200]>
2021-06-04 10:13:10,727 - instabot version: 0.117.0 (api) - DEBUG - GET to endpoint: media/2584186756166611674_25144459971/comments/ returned response: <Response [200]>
2021-06-04 10:13:12,423 - instabot version: 0.117.0 (api) - DEBUG - POST to endpoint: media/2584186756166611674_25144459971/comment/ returned response: <Response [200]>
2021-06-04 10:13:15,958 - instabot version: 0.117.0 (api) - DEBUG - GET to endpoint: media/2584186230778828840_25144459971/info/ returned response: <Response [200]>
2021-06-04 10:13:16,526 - instabot version: 0.117.0 (api) - DEBUG - GET to endpoint: media/2584186230778828840_25144459971/info/ returned response: <Response [200]>
2021-06-04 10:13:17,078 - instabot version: 0.117.0 (api) - DEBUG - GET to endpoint: media/2584186230778828840_25144459971/comments/ returned response: <Response [200]>
2021-06-04 10:13:17,595 - instabot version: 0.117.0 (api) - DEBUG - GET to endpoint: media/2584186230778828840_25144459971/info/ returned response: <Response [200]>
2021-06-04 10:13:21,025 - instabot version: 0.117.0 (api) - DEBUG - GET to endpoint: media/2584186230778828840_25144459971/comments/ returned response: <Response [200]>
2021-06-04 10:13:31,080 - instabot version: 0.117.0 (api) - DEBUG - POST to endpoint: media/2584186230778828840_25144459971/comment/ returned response: <Response [200]>
2021-06-04 10:13:38,737 - instabot version: 0.117.0 (api) - DEBUG - GET to endpoint: users/25024673217/info/ returned response: <Response [200]>
2021-06-04 10:13:38,737 - instabot version: 0.117.0 (bot_follow) - INFO - Going to follow `user_id` 25024673217.
2021-06-04 10:13:46,004 - instabot version: 0.117.0 (bot_direct) - INFO - Going to send 1 messages.
2021-06-04 10:17:16,944 - instabot version: 0.117.0 (api) - DEBUG - POST to endpoint: direct_v2/threads/broadcast/link/ returned response: <Response [200]>
2021-06-04 10:17:17,935 - instabot version: 0.117.0 (api) - DEBUG - GET to endpoint: feed/user/25024673217/?max_id=&min_timestamp=None&rank_token=32697756216_5470ac22-3346-433a-a2e0-184f137f52a8&ranked_content=true returned response: <Response [200]>
2021-06-04 10:17:17,936 - instabot version: 0.117.0 (bot_filter) - INFO - Received 18 medias.
2021-06-04 10:17:17,936 - instabot version: 0.117.0 (bot_filter) - INFO - After filtration 18 medias left.
2021-06-04 10:17:22,571 - instabot version: 0.117.0 (api) - DEBUG - GET to endpoint: media/2490030474676949266_25024673217/info/ returned response: <Response [200]>
2021-06-04 10:17:24,068 - instabot version: 0.117.0 (api) - DEBUG - GET to endpoint: media/2490030474676949266_25024673217/info/ returned response: <Response [200]>
2021-06-04 10:17:25,033 - instabot version: 0.117.0 (api) - DEBUG - GET to endpoint: media/2490030474676949266_25024673217/comments/ returned response: <Response [200]>
2021-06-04 10:17:25,690 - instabot version: 0.117.0 (api) - DEBUG - GET to endpoint: media/2490030474676949266_25024673217/info/ returned response: <Response [200]>
2021-06-04 10:17:32,029 - instabot version: 0.117.0 (api) - DEBUG - GET to endpoint: media/2490030474676949266_25024673217/comments/ returned response: <Response [200]>
2021-06-04 10:17:34,033 - instabot version: 0.117.0 (api) - DEBUG - POST to endpoint: media/2490030474676949266_25024673217/comment/ returned response: <Response [200]>
2021-06-04 10:17:36,630 - instabot version: 0.117.0 (api) - DEBUG - GET to endpoint: media/2486563171662706031_25024673217/info/ returned response: <Response [200]>
2021-06-04 10:17:37,158 - instabot version: 0.117.0 (api) - DEBUG - GET to endpoint: media/2486563171662706031_25024673217/info/ returned response: <Response [200]>
2021-06-04 10:17:37,718 - instabot version: 0.117.0 (api) - DEBUG - GET to endpoint: media/2486563171662706031_25024673217/comments/ returned response: <Response [200]>
2021-06-04 10:17:38,229 - instabot version: 0.117.0 (api) - DEBUG - GET to endpoint: media/2486563171662706031_25024673217/info/ returned response: <Response [200]>
2021-06-04 10:17:45,541 - instabot version: 0.117.0 (api) - DEBUG - GET to endpoint: media/2486563171662706031_25024673217/comments/ returned response: <Response [200]>
2021-06-04 10:17:50,490 - instabot version: 0.117.0 (api) - DEBUG - POST to endpoint: media/2486563171662706031_25024673217/comment/ returned response: <Response [200]>
2021-06-04 10:18:02,277 - instabot version: 0.117.0 (api) - DEBUG - GET to endpoint: users/38781452960/info/ returned response: <Response [200]>
2021-06-04 10:18:02,278 - instabot version: 0.117.0 (bot_follow) - INFO - Going to follow `user_id` 38781452960.
2021-06-04 10:18:08,305 - instabot version: 0.117.0 (bot_direct) - INFO - Going to send 1 messages.
